Using pre-set license
Built from '2020.3/staging' branch; Version is '2020.3.22f1 (e1a7f79fd887) revision 14788599'; Using compiler version '192528614'; Build Type 'Release'
OS: 'Windows 10 Pro; OS build 19043.1348; Version 2009; 64bit' Language: 'es' Physical Memory: 8043 MB
BatchMode: 1, IsHumanControllingUs: 0, StartBugReporterOnCrash: 0, Is64bit: 1, IsPro: 0

COMMAND LINE ARGUMENTS:
C:\Program Files\Unity\Hub\Editor\2020.3.22f1\Editor\Unity.exe
-adb2
-batchMode
-noUpm
-name
AssetImportWorker0
-projectPath
C:/Users/Acer/Documents/GitHub/Minotaurs
-logFile
Logs/AssetImportWorker0.log
-srvPort
50993
Successfully changed project path to: C:/Users/Acer/Documents/GitHub/Minotaurs
C:/Users/Acer/Documents/GitHub/Minotaurs
Using Asset Import Pipeline V2.
Refreshing native plugins compatible for Editor in 84.58 ms, found 2 plugins.
Preloading 0 native plugins for Editor in 0.00 ms.
Initialize engine version: 2020.3.22f1 (e1a7f79fd887)
[Subsystems] Discovering subsystems at path C:/Program Files/Unity/Hub/Editor/2020.3.22f1/Editor/Data/Resources/UnitySubsystems
[Subsystems] Discovering subsystems at path C:/Users/Acer/Documents/GitHub/Minotaurs/Assets
GfxDevice: creating device client; threaded=0
Direct3D:
    Version:  Direct3D 11.0 [level 10.1]
    Renderer: Intel(R) HD Graphics (ID=0x106)
    Vendor:   
    VRAM:     128 MB
    Driver:   9.17.10.4459
Initialize mono
Mono path[0] = 'C:/Program Files/Unity/Hub/Editor/2020.3.22f1/Editor/Data/Managed'
Mono path[1] = 'C:/Program Files/Unity/Hub/Editor/2020.3.22f1/Editor/Data/MonoBleedingEdge/lib/mono/unityjit'
Mono config path = 'C:/Program Files/Unity/Hub/Editor/2020.3.22f1/Editor/Data/MonoBleedingEdge/etc'
Using monoOptions --debugger-agent=transport=dt_socket,embedding=1,server=y,suspend=n,address=127.0.0.1:56904
Begin MonoManager ReloadAssembly
Registering precompiled unity dll's ...
Register platform support module: C:/Program Files/Unity/Hub/Editor/2020.3.22f1/Editor/Data/PlaybackEngines/WindowsStandaloneSupport/UnityEditor.WindowsStandalone.Extensions.dll
Registered in 0.004236 seconds.
Native extension for WindowsStandalone target not found
Refreshing native plugins compatible for Editor in 77.69 ms, found 2 plugins.
Preloading 0 native plugins for Editor in 0.00 ms.
Mono: successfully reloaded assembly
- Completed reload, in  2.541 seconds
Domain Reload Profiling:
	ReloadAssembly (2541ms)
		BeginReloadAssembly (131ms)
			ExecutionOrderSort (0ms)
			DisableScriptedObjects (0ms)
			BackupInstance (0ms)
			ReleaseScriptingObjects (0ms)
			CreateAndSetChildDomain (2ms)
		EndReloadAssembly (1033ms)
			LoadAssemblies (126ms)
			RebuildTransferFunctionScriptingTraits (1ms)
			SetupTypeCache (356ms)
			ReleaseScriptCaches (0ms)
			RebuildScriptCaches (77ms)
			SetupLoadedEditorAssemblies (379ms)
				LogAssemblyErrors (0ms)
				InitializePlatformSupportModulesInManaged (10ms)
				SetLoadedEditorAssemblies (0ms)
				RefreshPlugins (78ms)
				BeforeProcessingInitializeOnLoad (20ms)
				ProcessInitializeOnLoadAttributes (199ms)
				ProcessInitializeOnLoadMethodAttributes (70ms)
				AfterProcessingInitializeOnLoad (0ms)
				EditorAssembliesLoaded (2ms)
			ExecutionOrderSort2 (0ms)
			AwakeInstancesAfterBackupRestoration (0ms)
Platform modules already initialized, skipping
Registering precompiled user dll's ...
Registered in 0.010037 seconds.
Begin MonoManager ReloadAssembly
Native extension for WindowsStandalone target not found
Refreshing native plugins compatible for Editor in 0.63 ms, found 2 plugins.
Preloading 0 native plugins for Editor in 0.00 ms.
Mono: successfully reloaded assembly
- Completed reload, in  2.372 seconds
Domain Reload Profiling:
	ReloadAssembly (2374ms)
		BeginReloadAssembly (338ms)
			ExecutionOrderSort (0ms)
			DisableScriptedObjects (11ms)
			BackupInstance (0ms)
			ReleaseScriptingObjects (0ms)
			CreateAndSetChildDomain (36ms)
		EndReloadAssembly (1888ms)
			LoadAssemblies (203ms)
			RebuildTransferFunctionScriptingTraits (0ms)
			SetupTypeCache (664ms)
			ReleaseScriptCaches (1ms)
			RebuildScriptCaches (104ms)
			SetupLoadedEditorAssemblies (694ms)
				LogAssemblyErrors (0ms)
				InitializePlatformSupportModulesInManaged (12ms)
				SetLoadedEditorAssemblies (1ms)
				RefreshPlugins (1ms)
				BeforeProcessingInitializeOnLoad (129ms)
				ProcessInitializeOnLoadAttributes (515ms)
				ProcessInitializeOnLoadMethodAttributes (22ms)
				AfterProcessingInitializeOnLoad (14ms)
				EditorAssembliesLoaded (1ms)
			ExecutionOrderSort2 (0ms)
			AwakeInstancesAfterBackupRestoration (16ms)
Platform modules already initialized, skipping
========================================================================
Worker process is ready to serve import requests
Launched and connected shader compiler UnityShaderCompiler.exe after 0.15 seconds
Refreshing native plugins compatible for Editor in 0.61 ms, found 2 plugins.
Preloading 0 native plugins for Editor in 0.00 ms.
Unloading 1492 Unused Serialized files (Serialized files now loaded: 0)
System memory in use before: 69.6 MB.
System memory in use after: 69.7 MB.

Unloading 19 unused Assets to reduce memory usage. Loaded Objects now: 1927.
Total: 5.758100 ms (FindLiveObjects: 0.211900 ms CreateObjectMapping: 0.092100 ms MarkObjects: 5.297500 ms  DeleteObjects: 0.153900 ms)

AssetImportParameters requested are different than current active one (requested -> active):
  custom:framework-win-MediaFoundation: 216162199b28c13a410421893ffa2e32 -> 
  custom:video-decoder-ogg-theora: a1e56fd34408186e4bbccfd4996cb3dc -> 
  custom:container-muxer-webm: aa71ff27fc2769a1b78a27578f13a17b -> 
  custom:container-demuxer-webm: 4f35f7cbe854078d1ac9338744f61a02 -> 
  custom:container-demuxer-ogg: 62fdf1f143b41e24485cea50d1cbac27 -> 
  custom:video-encoder-webm-vp8: eb34c28f22e8b96e1ab97ce403110664 -> 
  custom:video-decoder-webm-vp8: 9c59270c3fd7afecdb556c50c9e8de78 -> 
  custom:audio-decoder-ogg-vorbis: bf7c407c2cedff20999df2af8eb42d56 -> 
  custom:audio-encoder-webm-vorbis: bf7c407c2cedff20999df2af8eb42d56 -> 
========================================================================
Received Import Request.
  path: Assets/FourEvilDragonsHP/Materials/DragonNightmare/GreenHP.mat
  artifactKey: Guid(ca5605f13d3937e40b508c59662c25fd) Importer(815301076,1909f56bfc062723c751e8b465ee728b)
Start importing Assets/FourEvilDragonsHP/Materials/DragonNightmare/GreenHP.mat using Guid(ca5605f13d3937e40b508c59662c25fd) Importer(815301076,1909f56bfc062723c751e8b465ee728b)  -> (artifact id: '7cfbcc24d37e9c70502eb6c3d9a5dc64') in 1.087535 seconds 
  Import took 1.092574 seconds .

========================================================================
Received Import Request.
  Time since last request: 0.000535 seconds.
  path: Assets/FourEvilDragonsHP/Materials/DragonSoulEater/GreyHP.mat
  artifactKey: Guid(0526c5be35ba93547acf614ed1950a2f) Importer(815301076,1909f56bfc062723c751e8b465ee728b)
Start importing Assets/FourEvilDragonsHP/Materials/DragonSoulEater/GreyHP.mat using Guid(0526c5be35ba93547acf614ed1950a2f) Importer(815301076,1909f56bfc062723c751e8b465ee728b)  -> (artifact id: 'b276cc8da8001a5d4f39c0e7339c68a6') in 0.362905 seconds 
  Import took 0.367932 seconds .

========================================================================
Received Import Request.
  Time since last request: 0.000385 seconds.
  path: Assets/Fishes And Underwater Environment Set/4.materials/environment_tex.mat
  artifactKey: Guid(4d37da9cf14fb47d2badeeb930e821f7) Importer(815301076,1909f56bfc062723c751e8b465ee728b)
Start importing Assets/Fishes And Underwater Environment Set/4.materials/environment_tex.mat using Guid(4d37da9cf14fb47d2badeeb930e821f7) Importer(815301076,1909f56bfc062723c751e8b465ee728b)  -> (artifact id: '54e81a74fb6ba3b0dff4f3b8f9b7c92a') in 0.191531 seconds 
  Import took 0.237368 seconds .

========================================================================
Received Import Request.
  Time since last request: 0.000378 seconds.
  path: Assets/FourEvilDragonsHP/Materials/DragonNightmare/DarkBlueHP.mat
  artifactKey: Guid(8a2d1f9276d746a42925272a2372ca11) Importer(815301076,1909f56bfc062723c751e8b465ee728b)
Start importing Assets/FourEvilDragonsHP/Materials/DragonNightmare/DarkBlueHP.mat using Guid(8a2d1f9276d746a42925272a2372ca11) Importer(815301076,1909f56bfc062723c751e8b465ee728b)  -> (artifact id: '263bda0870f13c3be30cf5c0125ee2e6') in 0.350667 seconds 
  Import took 0.355820 seconds .

========================================================================
Received Import Request.
  Time since last request: 0.000436 seconds.
  path: Assets/FourEvilDragonsHP/Materials/DragonUsurper/BlueHP.mat
  artifactKey: Guid(b610c12dfb915564fa7d6ed9771555e3) Importer(815301076,1909f56bfc062723c751e8b465ee728b)
Start importing Assets/FourEvilDragonsHP/Materials/DragonUsurper/BlueHP.mat using Guid(b610c12dfb915564fa7d6ed9771555e3) Importer(815301076,1909f56bfc062723c751e8b465ee728b)  -> (artifact id: '8891d77162e1a33fde4cccf7f31b3e49') in 0.343896 seconds 
  Import took 0.348742 seconds .

========================================================================
Received Import Request.
  Time since last request: 0.000400 seconds.
  path: Assets/FourEvilDragonsHP/Animations/DragonTerrorBringer/Run.fbx
  artifactKey: Guid(9700edab3a23d7d408e78a7cb99cf41d) Importer(815301076,1909f56bfc062723c751e8b465ee728b)
Start importing Assets/FourEvilDragonsHP/Animations/DragonTerrorBringer/Run.fbx using Guid(9700edab3a23d7d408e78a7cb99cf41d) Importer(815301076,1909f56bfc062723c751e8b465ee728b)  -> (artifact id: '535c14ffdf1095f1bb79a9519ce58674') in 0.310842 seconds 
  Import took 0.327617 seconds .

========================================================================
Received Import Request.
  Time since last request: 0.013662 seconds.
  path: Assets/FourEvilDragonsHP/Materials/DragonUsurper/RedHP.mat
  artifactKey: Guid(1131ac1e42ee4884ab91bd69310a2715) Importer(815301076,1909f56bfc062723c751e8b465ee728b)
Start importing Assets/FourEvilDragonsHP/Materials/DragonUsurper/RedHP.mat using Guid(1131ac1e42ee4884ab91bd69310a2715) Importer(815301076,1909f56bfc062723c751e8b465ee728b)  -> (artifact id: '73d016df5fd7f36dac701fecbee44b51') in 0.352857 seconds 
  Import took 0.357715 seconds .

========================================================================
Received Import Request.
  Time since last request: 0.000387 seconds.
  path: Assets/FourEvilDragonsHP/Materials/DragonSoulEater/RedHP.mat
  artifactKey: Guid(483bc84e9c06fb74a978565bf66ff42d) Importer(815301076,1909f56bfc062723c751e8b465ee728b)
Start importing Assets/FourEvilDragonsHP/Materials/DragonSoulEater/RedHP.mat using Guid(483bc84e9c06fb74a978565bf66ff42d) Importer(815301076,1909f56bfc062723c751e8b465ee728b)  -> (artifact id: 'db4717cac36ece32588880fe62665acd') in 0.335735 seconds 
  Import took 0.352614 seconds .

========================================================================
Received Import Request.
  Time since last request: 0.000366 seconds.
  path: Assets/FourEvilDragonsHP/Materials/DragonSoulEater/GreenHP.mat
  artifactKey: Guid(1b51484aceb3349479b6c084713a5517) Importer(815301076,1909f56bfc062723c751e8b465ee728b)
Start importing Assets/FourEvilDragonsHP/Materials/DragonSoulEater/GreenHP.mat using Guid(1b51484aceb3349479b6c084713a5517) Importer(815301076,1909f56bfc062723c751e8b465ee728b)  -> (artifact id: 'aedb6f19180c2bbb5f6a939005b78bb0') in 0.330569 seconds 
  Import took 0.376259 seconds .

========================================================================
Received Import Request.
  Time since last request: 0.000392 seconds.
  path: Assets/FourEvilDragonsHP/Materials/DragonTerrorBringer/PurpleHP.mat
  artifactKey: Guid(2cc3d51c3b46bec4a95b1cf2d2488afd) Importer(815301076,1909f56bfc062723c751e8b465ee728b)
Start importing Assets/FourEvilDragonsHP/Materials/DragonTerrorBringer/PurpleHP.mat using Guid(2cc3d51c3b46bec4a95b1cf2d2488afd) Importer(815301076,1909f56bfc062723c751e8b465ee728b)  -> (artifact id: '90c80239c5a9f3595440002b3be43f3b') in 0.354233 seconds 
  Import took 0.359516 seconds .

========================================================================
Received Import Request.
  Time since last request: 0.000426 seconds.
  path: Assets/Materials/artem-militonian-UYW6FZLlnL8-unsplash.mat
  artifactKey: Guid(f143ed1de7941ad92b3a90a8b36c0a81) Importer(815301076,1909f56bfc062723c751e8b465ee728b)
Start importing Assets/Materials/artem-militonian-UYW6FZLlnL8-unsplash.mat using Guid(f143ed1de7941ad92b3a90a8b36c0a81) Importer(815301076,1909f56bfc062723c751e8b465ee728b)  -> (artifact id: '1fb25d7e4e2cbca7a8fb67f63299ca9b') in 0.080370 seconds 
  Import took 0.103012 seconds .

========================================================================
Received Import Request.
  Time since last request: 0.000371 seconds.
  path: Assets/FourEvilDragonsHP/Materials/Skybox_Mat.mat
  artifactKey: Guid(48ce278709c9add4cb03de6de56e1f59) Importer(815301076,1909f56bfc062723c751e8b465ee728b)
Start importing Assets/FourEvilDragonsHP/Materials/Skybox_Mat.mat using Guid(48ce278709c9add4cb03de6de56e1f59) Importer(815301076,1909f56bfc062723c751e8b465ee728b)  -> (artifact id: '7135793dbb72a0910c31d6e5fdd16d94') in 0.249901 seconds 
  Import took 0.254862 seconds .

========================================================================
Received Import Request.
  Time since last request: 0.000384 seconds.
  path: Assets/Fishes And Underwater Environment Set/3.models/Fishes And Underwater Environment Set.fbx
  artifactKey: Guid(5e050c1b33b3e425b84385641e1ef86d) Importer(815301076,1909f56bfc062723c751e8b465ee728b)
Start importing Assets/Fishes And Underwater Environment Set/3.models/Fishes And Underwater Environment Set.fbx using Guid(5e050c1b33b3e425b84385641e1ef86d) Importer(815301076,1909f56bfc062723c751e8b465ee728b)  -> (artifact id: '8774365144deda548c221b21ae08e85d') in 1.202641 seconds 
  Import took 1.230293 seconds .

========================================================================
Received Import Request.
  Time since last request: 0.000384 seconds.
  path: Assets/FourEvilDragonsHP/Materials/DragonNightmare/BlueHP.mat
  artifactKey: Guid(81d2b67dc7484724095d4343217c4e31) Importer(815301076,1909f56bfc062723c751e8b465ee728b)
Start importing Assets/FourEvilDragonsHP/Materials/DragonNightmare/BlueHP.mat using Guid(81d2b67dc7484724095d4343217c4e31) Importer(815301076,1909f56bfc062723c751e8b465ee728b)  -> (artifact id: '65139c666e15ba05f9794ffbbd3b5939') in 0.321690 seconds 
  Import took 0.370319 seconds .

========================================================================
Received Import Request.
  Time since last request: 0.015595 seconds.
  path: Assets/FourEvilDragonsHP/Materials/DragonTerrorBringer/GreenHP.mat
  artifactKey: Guid(63a8442de5af83f49902935ef0d8904e) Importer(815301076,1909f56bfc062723c751e8b465ee728b)
Start importing Assets/FourEvilDragonsHP/Materials/DragonTerrorBringer/GreenHP.mat using Guid(63a8442de5af83f49902935ef0d8904e) Importer(815301076,1909f56bfc062723c751e8b465ee728b)  -> (artifact id: '43aeccd780d4b60cd56536c903ed7678') in 0.327017 seconds 
  Import took 0.331981 seconds .

========================================================================
Received Import Request.
  Time since last request: 0.000366 seconds.
  path: Assets/FourEvilDragonsHP/Materials/DragonSoulEater/BlueHP.mat
  artifactKey: Guid(5fcde950c31077243850f23d14ba9a5a) Importer(815301076,1909f56bfc062723c751e8b465ee728b)
Start importing Assets/FourEvilDragonsHP/Materials/DragonSoulEater/BlueHP.mat using Guid(5fcde950c31077243850f23d14ba9a5a) Importer(815301076,1909f56bfc062723c751e8b465ee728b)  -> (artifact id: 'e6ce7aedbafd6f33256403fecf5aa779') in 0.331672 seconds 
  Import took 0.345960 seconds .

========================================================================
Received Import Request.
  Time since last request: 0.001051 seconds.
  path: Assets/FourEvilDragonsHP/Materials/Stage.mat
  artifactKey: Guid(34466cf7960487a4380913c62e795ebd) Importer(815301076,1909f56bfc062723c751e8b465ee728b)
Start importing Assets/FourEvilDragonsHP/Materials/Stage.mat using Guid(34466cf7960487a4380913c62e795ebd) Importer(815301076,1909f56bfc062723c751e8b465ee728b)  -> (artifact id: '70cb59fddd9ad5d28c274fcb0dcee702') in 0.058189 seconds 
  Import took 0.086562 seconds .

========================================================================
Received Import Request.
  Time since last request: 0.000378 seconds.
  path: Assets/FourEvilDragonsHP/Materials/DragonUsurper/GreenHP.mat
  artifactKey: Guid(acd197acde96c544b8d8fd85cc2e8b20) Importer(815301076,1909f56bfc062723c751e8b465ee728b)
Start importing Assets/FourEvilDragonsHP/Materials/DragonUsurper/GreenHP.mat using Guid(acd197acde96c544b8d8fd85cc2e8b20) Importer(815301076,1909f56bfc062723c751e8b465ee728b)  -> (artifact id: '3bd829ec97fb51b252e45e4f6e5c585b') in 0.354875 seconds 
  Import took 0.371129 seconds .

========================================================================
Received Import Request.
  Time since last request: 0.000369 seconds.
  path: Assets/FourEvilDragonsHP/Materials/DragonNightmare/AlbinoHP.mat
  artifactKey: Guid(8000a685f5b509b45b455c9ffd1f347f) Importer(815301076,1909f56bfc062723c751e8b465ee728b)
Start importing Assets/FourEvilDragonsHP/Materials/DragonNightmare/AlbinoHP.mat using Guid(8000a685f5b509b45b455c9ffd1f347f) Importer(815301076,1909f56bfc062723c751e8b465ee728b)  -> (artifact id: 'b7c92dc452209eaa9e7e7369387289e9') in 0.330168 seconds 
  Import took 0.351844 seconds .

========================================================================
Received Import Request.
  Time since last request: 0.000454 seconds.
  path: Assets/FourEvilDragonsHP/Materials/DragonTerrorBringer/BlueHP.mat
  artifactKey: Guid(dcc7344671ccf0044a1fb5038007860e) Importer(815301076,1909f56bfc062723c751e8b465ee728b)
Start importing Assets/FourEvilDragonsHP/Materials/DragonTerrorBringer/BlueHP.mat using Guid(dcc7344671ccf0044a1fb5038007860e) Importer(815301076,1909f56bfc062723c751e8b465ee728b)  -> (artifact id: '1ae5bc42b656f5e592c6b164fc456fe3') in 0.333830 seconds 
  Import took 0.356702 seconds .

========================================================================
Received Import Request.
  Time since last request: 0.008636 seconds.
  path: Assets/Materials/original.mat
  artifactKey: Guid(69ecebf92702b27aca93b33f795669da) Importer(815301076,1909f56bfc062723c751e8b465ee728b)
Start importing Assets/Materials/original.mat using Guid(69ecebf92702b27aca93b33f795669da) Importer(815301076,1909f56bfc062723c751e8b465ee728b)  -> (artifact id: '2b7e683cd747a5ab395cff062fb9b1cc') in 0.069086 seconds 
  Import took 0.073895 seconds .

========================================================================
Received Import Request.
  Time since last request: 0.000365 seconds.
  path: Assets/Stylized Mushroom/Materials/MushRoom2.mat
  artifactKey: Guid(e654a3066dff72f4c92bcf01157d85d0) Importer(815301076,1909f56bfc062723c751e8b465ee728b)
Start importing Assets/Stylized Mushroom/Materials/MushRoom2.mat using Guid(e654a3066dff72f4c92bcf01157d85d0) Importer(815301076,1909f56bfc062723c751e8b465ee728b)  -> (artifact id: '8811ceae5805e288e2c06e87901c309e') in 0.501569 seconds 
  Import took 0.506537 seconds .

========================================================================
Received Import Request.
  Time since last request: 0.000357 seconds.
  path: Assets/FourEvilDragonsHP/Materials/DragonUsurper/PurpleHP.mat
  artifactKey: Guid(c6a1d1f1e0ac339489c17274f110669a) Importer(815301076,1909f56bfc062723c751e8b465ee728b)
Start importing Assets/FourEvilDragonsHP/Materials/DragonUsurper/PurpleHP.mat using Guid(c6a1d1f1e0ac339489c17274f110669a) Importer(815301076,1909f56bfc062723c751e8b465ee728b)  -> (artifact id: '581f571d8d69b3316d4581fb0b32dfb3') in 0.328472 seconds 
  Import took 0.356136 seconds .

========================================================================
Received Import Request.
  Time since last request: 0.000385 seconds.
  path: Assets/FourEvilDragonsHP/Materials/DragonTerrorBringer/RedHP.mat
  artifactKey: Guid(3cf5d93e63ceca94da9ffb40a6ed68ed) Importer(815301076,1909f56bfc062723c751e8b465ee728b)
Start importing Assets/FourEvilDragonsHP/Materials/DragonTerrorBringer/RedHP.mat using Guid(3cf5d93e63ceca94da9ffb40a6ed68ed) Importer(815301076,1909f56bfc062723c751e8b465ee728b)  -> (artifact id: 'ac8cd94b531c1cde7d8c183a66883247') in 0.338036 seconds 
  Import took 0.343350 seconds .

========================================================================
Received Import Request.
  Time since last request: 0.000393 seconds.
  path: Assets/Stylized Mushroom/Materials/MushRoom3.mat
  artifactKey: Guid(42931dbfc018339448e37d7c7dfc35dd) Importer(815301076,1909f56bfc062723c751e8b465ee728b)
Start importing Assets/Stylized Mushroom/Materials/MushRoom3.mat using Guid(42931dbfc018339448e37d7c7dfc35dd) Importer(815301076,1909f56bfc062723c751e8b465ee728b)  -> (artifact id: '60199d3c0429485523b62bc683991533') in 0.108886 seconds 
  Import took 0.119379 seconds .

========================================================================
Received Import Request.
  Time since last request: 0.000322 seconds.
  path: Assets/Stylized Mushroom/Materials/MushRoom1.mat
  artifactKey: Guid(481a860f6e18aaa4987377d42db93e02) Importer(815301076,1909f56bfc062723c751e8b465ee728b)
Start importing Assets/Stylized Mushroom/Materials/MushRoom1.mat using Guid(481a860f6e18aaa4987377d42db93e02) Importer(815301076,1909f56bfc062723c751e8b465ee728b)  -> (artifact id: 'd084b0159aa3a624b3df8a89f1e49aa8') in 0.079071 seconds 
  Import took 0.084378 seconds .

========================================================================
Received Import Request.
  Time since last request: 31.416289 seconds.
  path: Assets/artem-militonian-UYW6FZLlnL8-unsplash.jpg
  artifactKey: Guid(47e8fee930b4f5cabbcf609bc0ad98a1) Importer(815301076,1909f56bfc062723c751e8b465ee728b)
Start importing Assets/artem-militonian-UYW6FZLlnL8-unsplash.jpg using Guid(47e8fee930b4f5cabbcf609bc0ad98a1) Importer(815301076,1909f56bfc062723c751e8b465ee728b)  -> (artifact id: '494c510547d5412d6688c409f6cd4b0a') in 0.073085 seconds 
  Import took 0.079865 seconds .

========================================================================
Received Import Request.
  Time since last request: 40.814599 seconds.
  path: Assets/Scenes/Francine.unity
  artifactKey: Guid(4e4358dd3d2a4dc56b6a571916e93771) Importer(815301076,1909f56bfc062723c751e8b465ee728b)
Start importing Assets/Scenes/Francine.unity using Guid(4e4358dd3d2a4dc56b6a571916e93771) Importer(815301076,1909f56bfc062723c751e8b465ee728b)  -> (artifact id: '316db940c3a6786c5a7146d5e8355e15') in 0.056234 seconds 
  Import took 0.065413 seconds .

========================================================================
Received Import Request.
  Time since last request: 2697.185831 seconds.
  path: Assets/Scenes/Fire.unity
  artifactKey: Guid(8be508da8c972a44d93294bcce62d651) Importer(815301076,1909f56bfc062723c751e8b465ee728b)
Start importing Assets/Scenes/Fire.unity using Guid(8be508da8c972a44d93294bcce62d651) Importer(815301076,1909f56bfc062723c751e8b465ee728b)  -> (artifact id: '4b8e11617856e0683c0a3c2f7a0efddc') in 0.066131 seconds 
  Import took 0.075267 seconds .

