Unity Editor version:    2020.3.19f1 (68f137dc9bbe)
Branch:                  2020.3/staging
Build type:              Release
Batch mode:              YES
System name:             Linux
Distro version:          #1 SMP PREEMPT Thu Oct 7 06:43:34 UTC 2021
Kernel version:          5.14.10-1-MANJARO
Architecture:            x86_64
Available memory:        7869 MB
Using pre-set license
Pro License: NO
Desktop is 1366 x 768 @ 60 Hz

COMMAND LINE ARGUMENTS:
Unity
-adb2
-batchMode
-noUpm
-name
AssetImportWorker0
-projectPath
/home/francinesevilla/Documentos/GitHub/Minotaurs
-logFile
Logs/AssetImportWorker0.log
-srvPort
34877
Successfully changed project path to: /home/francinesevilla/Documentos/GitHub/Minotaurs
/home/francinesevilla/Documentos/GitHub/Minotaurs
Using Asset Import Pipeline V2.
Refreshing native plugins compatible for Editor in 65,14 ms, found 0 plugins.
Preloading 0 native plugins for Editor in 0,00 ms.
Initialize engine version: 2020.3.19f1 (68f137dc9bbe)
[Subsystems] Discovering subsystems at path /home/francinesevilla/Unity/Hub/Editor/2020.3.19f1/Editor/Data/Resources/UnitySubsystems
[Subsystems] Discovering subsystems at path /home/francinesevilla/Documentos/GitHub/Minotaurs/Assets
GLX Extensions: GLX_ARB_create_context GLX_ARB_create_context_no_error GLX_ARB_create_context_profile GLX_ARB_create_context_robustness GLX_ARB_fbconfig_float GLX_ARB_framebuffer_sRGB GLX_ARB_get_proc_address GLX_ARB_multisample GLX_EXT_buffer_age GLX_EXT_create_context_es2_profile GLX_EXT_create_context_es_profile GLX_EXT_fbconfig_packed_float GLX_EXT_framebuffer_sRGB GLX_EXT_import_context GLX_EXT_no_config_context GLX_EXT_swap_control GLX_EXT_swap_control_tear GLX_EXT_texture_from_pixmap GLX_EXT_visual_info GLX_EXT_visual_rating GLX_INTEL_swap_event GLX_MESA_copy_sub_buffer GLX_MESA_query_renderer GLX_MESA_swap_control GLX_OML_swap_method GLX_OML_sync_control GLX_SGIS_multisample GLX_SGIX_fbconfig GLX_SGIX_pbuffer GLX_SGIX_visual_select_group GLX_SGI_make_current_read GLX_SGI_swap_control GLX_SGI_video_sync 
Renderer: Mesa DRI Intel(R) HD Graphics 4400 (HSW GT2)
Vendor:   Intel Open Source Technology Center
Version:  4.5 (Core Profile) Mesa 21.2.3
GLES:     0
 GL_3DFX_texture_compression_FXT1 GL_AMD_conservative_depth GL_AMD_draw_buffers_blend GL_AMD_multi_draw_indirect GL_AMD_query_buffer_object GL_AMD_seamless_cubemap_per_texture GL_AMD_shader_trinary_minmax GL_AMD_texture_texture4 GL_AMD_vertex_shader_layer GL_AMD_vertex_shader_viewport_index GL_ANGLE_texture_compression_dxt3 GL_ANGLE_texture_compression_dxt5 GL_APPLE_object_purgeable GL_ARB_ES2_compatibility GL_ARB_ES3_1_compatibility GL_ARB_ES3_compatibility GL_ARB_arrays_of_arrays GL_ARB_base_instance GL_ARB_blend_func_extended GL_ARB_buffer_storage GL_ARB_clear_buffer_object GL_ARB_clear_texture GL_ARB_clip_control GL_ARB_compressed_texture_pixel_storage GL_ARB_compute_shader GL_ARB_compute_variable_group_size GL_ARB_conditional_render_inverted GL_ARB_conservative_depth GL_ARB_copy_buffer GL_ARB_copy_image GL_ARB_cull_distance GL_ARB_debug_output GL_ARB_depth_buffer_float GL_ARB_depth_clamp GL_ARB_derivative_control GL_ARB_direct_state_access GL_ARB_draw_buffers GL_ARB_draw_buffers_blend GL_ARB_draw_elemen
ts_base_vertex GL_ARB_draw_indirect GL_ARB_draw_instanced GL_ARB_enhanced_layouts GL_ARB_explicit_attrib_location GL_ARB_explicit_uniform_location GL_ARB_fragment_coord_conventions GL_ARB_fragment_layer_viewport GL_ARB_fragment_shader GL_ARB_framebuffer_no_attachments GL_ARB_framebuffer_object GL_ARB_framebuffer_sRGB GL_ARB_get_program_binary GL_ARB_get_texture_sub_image GL_ARB_gl_spirv GL_ARB_gpu_shader5 GL_ARB_gpu_shader_fp64 GL_ARB_half_float_pixel GL_ARB_half_float_vertex GL_ARB_indirect_parameters GL_ARB_instanced_arrays GL_ARB_internalformat_query GL_ARB_internalformat_query2 GL_ARB_invalidate_subdata GL_ARB_map_buffer_alignment GL_ARB_map_buffer_range GL_ARB_multi_bind GL_ARB_multi_draw_indirect GL_ARB_occlusion_query2 GL_ARB_parallel_shader_compile GL_ARB_pipeline_statistics_query GL_ARB_pixel_buffer_object GL_ARB_point_sprite GL_ARB_polygon_offset_clamp GL_ARB_program_interface_query GL_ARB_provoking_vertex GL_ARB_query_buffer_object GL_ARB_robust_buffer_access_behavior GL_ARB_robustness GL_ARB_samp
le_shading GL_ARB_sampler_objects GL_ARB_seamless_cube_map GL_ARB_seamless_cubemap_per_texture GL_ARB_separate_shader_objects GL_ARB_shader_atomic_counter_ops GL_ARB_shader_atomic_counters GL_ARB_shader_bit_encoding GL_ARB_shader_clock GL_ARB_shader_draw_parameters GL_ARB_shader_group_vote GL_ARB_shader_image_load_store GL_ARB_shader_image_size GL_ARB_shader_objects GL_ARB_shader_precision GL_ARB_shader_storage_buffer_object GL_ARB_shader_subroutine GL_ARB_shader_texture_image_samples GL_ARB_shader_texture_lod GL_ARB_shader_viewport_layer_array GL_ARB_shading_language_420pack GL_ARB_shading_language_include GL_ARB_shading_language_packing GL_ARB_spirv_extensions GL_ARB_stencil_texturing GL_ARB_sync GL_ARB_tessellation_shader GL_ARB_texture_barrier GL_ARB_texture_buffer_object GL_ARB_texture_buffer_object_rgb32 GL_ARB_texture_buffer_range GL_ARB_texture_compression_bptc GL_ARB_texture_compression_rgtc GL_ARB_texture_cube_map_array GL_ARB_texture_filter_anisotropic GL_ARB_texture_float GL_ARB_texture_gather GL
_ARB_texture_mirror_clamp_to_edge GL_ARB_texture_multisample GL_ARB_texture_non_power_of_two GL_ARB_texture_query_levels GL_ARB_texture_query_lod GL_ARB_texture_rectangle GL_ARB_texture_rg GL_ARB_texture_rgb10_a2ui GL_ARB_texture_stencil8 GL_ARB_texture_storage GL_ARB_texture_storage_multisample GL_ARB_texture_swizzle GL_ARB_texture_view GL_ARB_timer_query GL_ARB_transform_feedback2 GL_ARB_transform_feedback3 GL_ARB_transform_feedback_instanced GL_ARB_transform_feedback_overflow_query GL_ARB_uniform_buffer_object GL_ARB_vertex_array_bgra GL_ARB_vertex_array_object GL_ARB_vertex_attrib_64bit GL_ARB_vertex_attrib_binding GL_ARB_vertex_buffer_object GL_ARB_vertex_shader GL_ARB_vertex_type_10f_11f_11f_rev GL_ARB_vertex_type_2_10_10_10_rev GL_ARB_viewport_array GL_ATI_blend_equation_separate GL_ATI_texture_float GL_EXT_EGL_image_storage GL_EXT_EGL_sync GL_EXT_abgr GL_EXT_blend_equation_separate GL_EXT_demote_to_helper_invocation GL_EXT_draw_buffers2 GL_EXT_draw_instanced GL_EXT_framebuffer_blit GL_EXT_framebuffer
_multisample GL_EXT_framebuffer_multisample_blit_scaled GL_EXT_framebuffer_object GL_EXT_framebuffer_sRGB GL_EXT_memory_object GL_EXT_memory_object_fd GL_EXT_packed_depth_stencil GL_EXT_packed_float GL_EXT_pixel_buffer_object GL_EXT_polygon_offset_clamp GL_EXT_provoking_vertex GL_EXT_semaphore GL_EXT_semaphore_fd GL_EXT_shader_framebuffer_fetch_non_coherent GL_EXT_shader_integer_mix GL_EXT_shader_samples_identical GL_EXT_texture_array GL_EXT_texture_compression_dxt1 GL_EXT_texture_compression_rgtc GL_EXT_texture_compression_s3tc GL_EXT_texture_filter_anisotropic GL_EXT_texture_integer GL_EXT_texture_sRGB GL_EXT_texture_sRGB_R8 GL_EXT_texture_sRGB_decode GL_EXT_texture_shadow_lod GL_EXT_texture_shared_exponent GL_EXT_texture_snorm GL_EXT_texture_swizzle GL_EXT_timer_query GL_EXT_transform_feedback GL_EXT_vertex_array_bgra GL_EXT_vertex_attrib_64bit GL_IBM_multimode_draw_arrays GL_INTEL_blackhole_render GL_INTEL_performance_query GL_KHR_blend_equation_advanced GL_KHR_context_flush_control GL_KHR_debug GL_KHR_n
o_error GL_KHR_parallel_shader_compile GL_KHR_robust_buffer_access_behavior GL_KHR_robustness GL_MESA_framebuffer_flip_y GL_MESA_pack_invert GL_MESA_shader_integer_functions GL_MESA_texture_signed_rgba GL_NV_compute_shader_derivatives GL_NV_conditional_render GL_NV_depth_clamp GL_NV_packed_depth_stencil GL_NV_texture_barrier GL_OES_EGL_image GL_S3_s3tc
OPENGL LOG: Creating OpenGL 4.5 graphics device ; Context level  <OpenGL 4.5> ; Context handle -1759246496
Initialize mono
Mono path[0] = '/home/francinesevilla/Unity/Hub/Editor/2020.3.19f1/Editor/Data/Managed'
Mono path[1] = '/home/francinesevilla/Unity/Hub/Editor/2020.3.19f1/Editor/Data/MonoBleedingEdge/lib/mono/unityjit'
Mono config path = '/home/francinesevilla/Unity/Hub/Editor/2020.3.19f1/Editor/Data/MonoBleedingEdge/etc'
Using monoOptions --debugger-agent=transport=dt_socket,embedding=1,server=y,suspend=n,address=127.0.0.1:56213
Begin MonoManager ReloadAssembly
Registering precompiled unity dll's ...
Register platform support module: /home/francinesevilla/Unity/Hub/Editor/2020.3.19f1/Editor/Data/PlaybackEngines/WebGLSupport/UnityEditor.WebGL.Extensions.dll
Register platform support module: /home/francinesevilla/Unity/Hub/Editor/2020.3.19f1/Editor/Data/PlaybackEngines/MacStandaloneSupport/UnityEditor.OSXStandalone.Extensions.dll
Register platform support module: /home/francinesevilla/Unity/Hub/Editor/2020.3.19f1/Editor/Data/PlaybackEngines/WindowsStandaloneSupport/UnityEditor.WindowsStandalone.Extensions.dll
Register platform support module: /home/francinesevilla/Unity/Hub/Editor/2020.3.19f1/Editor/Data/PlaybackEngines/LinuxStandaloneSupport/UnityEditor.LinuxStandalone.Extensions.dll
Registered in 0,004404 seconds.
Native extension for LinuxStandalone target not found
Native extension for WindowsStandalone target not found
Native extension for OSXStandalone target not found
Native extension for WebGL target not found
Refreshing native plugins compatible for Editor in 72,79 ms, found 0 plugins.
Preloading 0 native plugins for Editor in 0,00 ms.
Mono: successfully reloaded assembly
- Completed reload, in  3,206 seconds
Domain Reload Profiling:
	ReloadAssembly (3207ms)
		BeginReloadAssembly (84ms)
			ExecutionOrderSort (0ms)
			DisableScriptedObjects (0ms)
			BackupInstance (0ms)
			ReleaseScriptingObjects (0ms)
			CreateAndSetChildDomain (2ms)
		EndReloadAssembly (977ms)
			LoadAssemblies (81ms)
			RebuildTransferFunctionScriptingTraits (0ms)
			SetupTypeCache (351ms)
			ReleaseScriptCaches (0ms)
			RebuildScriptCaches (86ms)
			SetupLoadedEditorAssemblies (413ms)
				LogAssemblyErrors (0ms)
				InitializePlatformSupportModulesInManaged (14ms)
				SetLoadedEditorAssemblies (1ms)
				RefreshPlugins (73ms)
				BeforeProcessingInitializeOnLoad (22ms)
				ProcessInitializeOnLoadAttributes (232ms)
				ProcessInitializeOnLoadMethodAttributes (70ms)
				AfterProcessingInitializeOnLoad (0ms)
				EditorAssembliesLoaded (0ms)
			ExecutionOrderSort2 (0ms)
			AwakeInstancesAfterBackupRestoration (0ms)
Platform modules already initialized, skipping
Registering precompiled user dll's ...
Registered in 0,004351 seconds.
Begin MonoManager ReloadAssembly
Native extension for LinuxStandalone target not found
Native extension for WindowsStandalone target not found
Native extension for OSXStandalone target not found
Native extension for WebGL target not found
Refreshing native plugins compatible for Editor in 0,54 ms, found 0 plugins.
Preloading 0 native plugins for Editor in 0,00 ms.
Mono: successfully reloaded assembly
- Completed reload, in  2,634 seconds
Domain Reload Profiling:
	ReloadAssembly (2635ms)
		BeginReloadAssembly (340ms)
			ExecutionOrderSort (0ms)
			DisableScriptedObjects (12ms)
			BackupInstance (0ms)
			ReleaseScriptingObjects (0ms)
			CreateAndSetChildDomain (50ms)
		EndReloadAssembly (2145ms)
			LoadAssemblies (174ms)
			RebuildTransferFunctionScriptingTraits (0ms)
			SetupTypeCache (873ms)
			ReleaseScriptCaches (1ms)
			RebuildScriptCaches (117ms)
			SetupLoadedEditorAssemblies (718ms)
				LogAssemblyErrors (0ms)
				InitializePlatformSupportModulesInManaged (16ms)
				SetLoadedEditorAssemblies (1ms)
				RefreshPlugins (1ms)
				BeforeProcessingInitializeOnLoad (119ms)
				ProcessInitializeOnLoadAttributes (558ms)
				ProcessInitializeOnLoadMethodAttributes (9ms)
				AfterProcessingInitializeOnLoad (13ms)
				EditorAssembliesLoaded (1ms)
			ExecutionOrderSort2 (0ms)
			AwakeInstancesAfterBackupRestoration (24ms)
Platform modules already initialized, skipping
========================================================================
Worker process is ready to serve import requests
Launched and connected shader compiler UnityShaderCompiler after 0.01 seconds
Refreshing native plugins compatible for Editor in 0,53 ms, found 0 plugins.
Preloading 0 native plugins for Editor in 0,00 ms.
Unloading 1401 Unused Serialized files (Serialized files now loaded: 0)
System memory in use before: 62,1 MB.
System memory in use after: 62,2 MB.

Unloading 16 unused Assets to reduce memory usage. Loaded Objects now: 1846.
Total: 10,142187 ms (FindLiveObjects: 0,268706 ms CreateObjectMapping: 0,127069 ms MarkObjects: 9,466758 ms  DeleteObjects: 0,276983 ms)

AssetImportParameters requested are different than current active one (requested -> active):
  custom:video-decoder-ogg-theora: a1e56fd34408186e4bbccfd4996cb3dc -> 
  custom:container-muxer-webm: aa71ff27fc2769a1b78a27578f13a17b -> 
  custom:container-demuxer-webm: 4f35f7cbe854078d1ac9338744f61a02 -> 
  custom:container-demuxer-ogg: 62fdf1f143b41e24485cea50d1cbac27 -> 
  custom:video-encoder-webm-vp8: eb34c28f22e8b96e1ab97ce403110664 -> 
  custom:video-decoder-webm-vp8: 9c59270c3fd7afecdb556c50c9e8de78 -> 
  custom:audio-decoder-ogg-vorbis: bf7c407c2cedff20999df2af8eb42d56 -> 
  custom:audio-encoder-webm-vorbis: bf7c407c2cedff20999df2af8eb42d56 -> 
========================================================================
Received Import Request.
  path: Assets/Fishes And Underwater Environment Set/1.demo
  artifactKey: Guid(4f704ae4b4f98ae41a0bce26658850c1) Importer(815301076,1909f56bfc062723c751e8b465ee728b)
Start importing Assets/Fishes And Underwater Environment Set/1.demo using Guid(4f704ae4b4f98ae41a0bce26658850c1) Importer(815301076,1909f56bfc062723c751e8b465ee728b)  -> (artifact id: '46ac07d21b41ba96bdcaad0c3ab2a559') in 0,017217 seconds 
  Import took 0,022727 seconds .

========================================================================
Received Import Request.
  Time since last request: 0,085533 seconds.
  path: Assets/Fishes And Underwater Environment Set/1.demo/demo.unity
  artifactKey: Guid(99c9720ab356a0642a771bea13969a05) Importer(815301076,1909f56bfc062723c751e8b465ee728b)
Start importing Assets/Fishes And Underwater Environment Set/1.demo/demo.unity using Guid(99c9720ab356a0642a771bea13969a05) Importer(815301076,1909f56bfc062723c751e8b465ee728b)  -> (artifact id: '79b965599c679919e24ea8c7237d6570') in 0,015593 seconds 
  Import took 0,020389 seconds .

========================================================================
Received Import Request.
  Time since last request: 7,769471 seconds.
  path: Assets/Fishes And Underwater Environment Set/2.prefabs/fishes
  artifactKey: Guid(912c646eb80b84bc0b4d3f1bafcb4ea2) Importer(815301076,1909f56bfc062723c751e8b465ee728b)
Start importing Assets/Fishes And Underwater Environment Set/2.prefabs/fishes using Guid(912c646eb80b84bc0b4d3f1bafcb4ea2) Importer(815301076,1909f56bfc062723c751e8b465ee728b)  -> (artifact id: '45e0a12a0520122dab4fa36066fb47b8') in 0,001537 seconds 
  Import took 0,007255 seconds .

========================================================================
Received Import Request.
  Time since last request: 2,643769 seconds.
  path: Assets/Fishes And Underwater Environment Set/2.prefabs/fishes/cryfish.prefab
  artifactKey: Guid(a3d79a52019ed4e1697707312454dde7) Importer(815301076,1909f56bfc062723c751e8b465ee728b)
Start importing Assets/Fishes And Underwater Environment Set/2.prefabs/fishes/cryfish.prefab using Guid(a3d79a52019ed4e1697707312454dde7) Importer(815301076,1909f56bfc062723c751e8b465ee728b)  -> (artifact id: 'cad82100d2bd5e5f4b0cef8eea79789d') in 0,240767 seconds 
  Import took 0,245733 seconds .

========================================================================
Received Import Request.
  Time since last request: 0,000304 seconds.
  path: Assets/Fishes And Underwater Environment Set/2.prefabs/fishes/fish_4.prefab
  artifactKey: Guid(b159159959cb9468592bfce5d7877495) Importer(815301076,1909f56bfc062723c751e8b465ee728b)
Start importing Assets/Fishes And Underwater Environment Set/2.prefabs/fishes/fish_4.prefab using Guid(b159159959cb9468592bfce5d7877495) Importer(815301076,1909f56bfc062723c751e8b465ee728b)  -> (artifact id: '86f7a95754779bad8822732c8496ca38') in 0,027126 seconds 
  Import took 0,032135 seconds .

========================================================================
Received Import Request.
  Time since last request: 0,000318 seconds.
  path: Assets/Fishes And Underwater Environment Set/2.prefabs/fishes/fish_6.prefab
  artifactKey: Guid(45435c24003774081b389cdc6037c4fb) Importer(815301076,1909f56bfc062723c751e8b465ee728b)
Start importing Assets/Fishes And Underwater Environment Set/2.prefabs/fishes/fish_6.prefab using Guid(45435c24003774081b389cdc6037c4fb) Importer(815301076,1909f56bfc062723c751e8b465ee728b)  -> (artifact id: 'ad4313c0bc717f944e63a1cae0a20957') in 0,025778 seconds 
  Import took 0,031806 seconds .

========================================================================
Received Import Request.
  Time since last request: 0,000287 seconds.
  path: Assets/Fishes And Underwater Environment Set/2.prefabs/fishes/fish_3.prefab
  artifactKey: Guid(6ef6e0386121c4db28250103826bc60e) Importer(815301076,1909f56bfc062723c751e8b465ee728b)
Start importing Assets/Fishes And Underwater Environment Set/2.prefabs/fishes/fish_3.prefab using Guid(6ef6e0386121c4db28250103826bc60e) Importer(815301076,1909f56bfc062723c751e8b465ee728b)  -> (artifact id: '923281c04cf2d93c8c9e02f232519595') in 0,024597 seconds 
  Import took 0,029859 seconds .

========================================================================
Received Import Request.
  Time since last request: 0,000263 seconds.
  path: Assets/Fishes And Underwater Environment Set/2.prefabs/fishes/shark.prefab
  artifactKey: Guid(203b004c6e5c64c0e9eaf43f0e81d5a8) Importer(815301076,1909f56bfc062723c751e8b465ee728b)
Start importing Assets/Fishes And Underwater Environment Set/2.prefabs/fishes/shark.prefab using Guid(203b004c6e5c64c0e9eaf43f0e81d5a8) Importer(815301076,1909f56bfc062723c751e8b465ee728b)  -> (artifact id: 'd5f632ad40f5dbfe40544f133202636b') in 0,022272 seconds 
  Import took 0,027388 seconds .

========================================================================
Received Import Request.
  Time since last request: 0,000279 seconds.
  path: Assets/Fishes And Underwater Environment Set/2.prefabs/fishes/puffer_big.prefab
  artifactKey: Guid(5325ba2cd50b7429e825c7ce1d3ed28e) Importer(815301076,1909f56bfc062723c751e8b465ee728b)
Start importing Assets/Fishes And Underwater Environment Set/2.prefabs/fishes/puffer_big.prefab using Guid(5325ba2cd50b7429e825c7ce1d3ed28e) Importer(815301076,1909f56bfc062723c751e8b465ee728b)  -> (artifact id: '8c7e4569682d98af42b08fc116f3ed6b') in 0,025133 seconds 
  Import took 0,030217 seconds .

========================================================================
Received Import Request.
  Time since last request: 0,000563 seconds.
  path: Assets/Fishes And Underwater Environment Set/2.prefabs/fishes/fish_1.prefab
  artifactKey: Guid(0eb0d7f8655264a7a94ca96e593c84d1) Importer(815301076,1909f56bfc062723c751e8b465ee728b)
Start importing Assets/Fishes And Underwater Environment Set/2.prefabs/fishes/fish_1.prefab using Guid(0eb0d7f8655264a7a94ca96e593c84d1) Importer(815301076,1909f56bfc062723c751e8b465ee728b)  -> (artifact id: '6b951f5b9ef17be5048735c61cc71be2') in 0,025319 seconds 
  Import took 0,030722 seconds .

========================================================================
Received Import Request.
  Time since last request: 0,000433 seconds.
  path: Assets/Fishes And Underwater Environment Set/2.prefabs/fishes/fish_7.prefab
  artifactKey: Guid(3189593041b2e4ecd914ff26b44c082b) Importer(815301076,1909f56bfc062723c751e8b465ee728b)
Start importing Assets/Fishes And Underwater Environment Set/2.prefabs/fishes/fish_7.prefab using Guid(3189593041b2e4ecd914ff26b44c082b) Importer(815301076,1909f56bfc062723c751e8b465ee728b)  -> (artifact id: '20b8193d6d439bd13c0eea8972aaddd3') in 0,024850 seconds 
  Import took 0,030631 seconds .

========================================================================
Received Import Request.
  Time since last request: 0,000314 seconds.
  path: Assets/Fishes And Underwater Environment Set/2.prefabs/fishes/fish_9.prefab
  artifactKey: Guid(1004e4ca5dba64465b0ab44e9839da19) Importer(815301076,1909f56bfc062723c751e8b465ee728b)
Start importing Assets/Fishes And Underwater Environment Set/2.prefabs/fishes/fish_9.prefab using Guid(1004e4ca5dba64465b0ab44e9839da19) Importer(815301076,1909f56bfc062723c751e8b465ee728b)  -> (artifact id: 'fa1859463e6c5deea594274e910a5141') in 0,024786 seconds 
  Import took 0,030421 seconds .

========================================================================
Received Import Request.
  Time since last request: 0,000305 seconds.
  path: Assets/Fishes And Underwater Environment Set/2.prefabs/fishes/fish_5.prefab
  artifactKey: Guid(9f8420594d0844bd7b45dd9b9d520fdb) Importer(815301076,1909f56bfc062723c751e8b465ee728b)
Start importing Assets/Fishes And Underwater Environment Set/2.prefabs/fishes/fish_5.prefab using Guid(9f8420594d0844bd7b45dd9b9d520fdb) Importer(815301076,1909f56bfc062723c751e8b465ee728b)  -> (artifact id: '1bc6e38930d724a7cf9422b620a31cd3') in 0,029498 seconds 
  Import took 0,034823 seconds .

========================================================================
Received Import Request.
  Time since last request: 0,000327 seconds.
  path: Assets/Fishes And Underwater Environment Set/2.prefabs/fishes/fish_8.prefab
  artifactKey: Guid(473b5fc931ff74d7e9805bf879cb4ab9) Importer(815301076,1909f56bfc062723c751e8b465ee728b)
Start importing Assets/Fishes And Underwater Environment Set/2.prefabs/fishes/fish_8.prefab using Guid(473b5fc931ff74d7e9805bf879cb4ab9) Importer(815301076,1909f56bfc062723c751e8b465ee728b)  -> (artifact id: '6c41ecdc12e76a0a5694fec6c303d172') in 0,024409 seconds 
  Import took 0,029454 seconds .

========================================================================
Received Import Request.
  Time since last request: 0,000388 seconds.
  path: Assets/Fishes And Underwater Environment Set/2.prefabs/fishes/starfish.prefab
  artifactKey: Guid(de878145e20d24dcf9566010929c116c) Importer(815301076,1909f56bfc062723c751e8b465ee728b)
Start importing Assets/Fishes And Underwater Environment Set/2.prefabs/fishes/starfish.prefab using Guid(de878145e20d24dcf9566010929c116c) Importer(815301076,1909f56bfc062723c751e8b465ee728b)  -> (artifact id: 'f30e91fd911b1888c95c0c3337025f95') in 0,024306 seconds 
  Import took 0,031765 seconds .

========================================================================
Received Import Request.
  Time since last request: 0,000319 seconds.
  path: Assets/Fishes And Underwater Environment Set/2.prefabs/fishes/octopus_body.prefab
  artifactKey: Guid(625ecbc00d4514b38ae82a9deeb5651d) Importer(815301076,1909f56bfc062723c751e8b465ee728b)
Start importing Assets/Fishes And Underwater Environment Set/2.prefabs/fishes/octopus_body.prefab using Guid(625ecbc00d4514b38ae82a9deeb5651d) Importer(815301076,1909f56bfc062723c751e8b465ee728b)  -> (artifact id: '21292b00f05b54b1aeff0aa48d5825a7') in 0,031082 seconds 
  Import took 0,036602 seconds .

========================================================================
Received Import Request.
  Time since last request: 0,000312 seconds.
  path: Assets/Fishes And Underwater Environment Set/2.prefabs/fishes/puffer_small.prefab
  artifactKey: Guid(5276e4d2dbeca4134b5554d74f1498ec) Importer(815301076,1909f56bfc062723c751e8b465ee728b)
Start importing Assets/Fishes And Underwater Environment Set/2.prefabs/fishes/puffer_small.prefab using Guid(5276e4d2dbeca4134b5554d74f1498ec) Importer(815301076,1909f56bfc062723c751e8b465ee728b)  -> (artifact id: '5e89466b85b34482323d04e1528219cd') in 0,023374 seconds 
  Import took 0,029467 seconds .

========================================================================
Received Import Request.
  Time since last request: 0,000615 seconds.
  path: Assets/Fishes And Underwater Environment Set/2.prefabs/fishes/fish_2.prefab
  artifactKey: Guid(9c630711533dd4b7eae230ad0e06ac5e) Importer(815301076,1909f56bfc062723c751e8b465ee728b)
Start importing Assets/Fishes And Underwater Environment Set/2.prefabs/fishes/fish_2.prefab using Guid(9c630711533dd4b7eae230ad0e06ac5e) Importer(815301076,1909f56bfc062723c751e8b465ee728b)  -> (artifact id: '4aae518a952008fae70aed3cda165ca3') in 0,025025 seconds 
  Import took 0,030922 seconds .

========================================================================
Received Import Request.
  Time since last request: 96,779649 seconds.
  path: Assets/Fishes And Underwater Environment Set/2.prefabs/environment_objects/arena_background_obj.prefab
  artifactKey: Guid(8db6f3b1bcef14838beaf5ab67adacbb) Importer(815301076,1909f56bfc062723c751e8b465ee728b)
Start importing Assets/Fishes And Underwater Environment Set/2.prefabs/environment_objects/arena_background_obj.prefab using Guid(8db6f3b1bcef14838beaf5ab67adacbb) Importer(815301076,1909f56bfc062723c751e8b465ee728b)  -> (artifact id: '99ec823a98f003bd4def8e734b8887ad') in 0,023923 seconds 
  Import took 0,028770 seconds .

========================================================================
Received Import Request.
  Time since last request: 0,000295 seconds.
  path: Assets/Fishes And Underwater Environment Set/2.prefabs/environment_objects/box.prefab
  artifactKey: Guid(64fe11efe98134a9c89c2e1ba30f1aa1) Importer(815301076,1909f56bfc062723c751e8b465ee728b)
Start importing Assets/Fishes And Underwater Environment Set/2.prefabs/environment_objects/box.prefab using Guid(64fe11efe98134a9c89c2e1ba30f1aa1) Importer(815301076,1909f56bfc062723c751e8b465ee728b)  -> (artifact id: 'd2369fb50249532639982eec7ebd1c77') in 0,021535 seconds 
  Import took 0,026211 seconds .

========================================================================
Received Import Request.
  Time since last request: 0,000328 seconds.
  path: Assets/Fishes And Underwater Environment Set/2.prefabs/environment_objects/plant_9.prefab
  artifactKey: Guid(53ad3c1f3848d4cf696154b37ad9265b) Importer(815301076,1909f56bfc062723c751e8b465ee728b)
Start importing Assets/Fishes And Underwater Environment Set/2.prefabs/environment_objects/plant_9.prefab using Guid(53ad3c1f3848d4cf696154b37ad9265b) Importer(815301076,1909f56bfc062723c751e8b465ee728b)  -> (artifact id: 'bef6badcba5f7653c6ee19afd1091b31') in 0,022762 seconds 
  Import took 0,028057 seconds .

========================================================================
Received Import Request.
  Time since last request: 0,000307 seconds.
  path: Assets/Fishes And Underwater Environment Set/2.prefabs/environment_objects/crystal.prefab
  artifactKey: Guid(181b5c54a121d44c8b8d3eb9449aa460) Importer(815301076,1909f56bfc062723c751e8b465ee728b)
Start importing Assets/Fishes And Underwater Environment Set/2.prefabs/environment_objects/crystal.prefab using Guid(181b5c54a121d44c8b8d3eb9449aa460) Importer(815301076,1909f56bfc062723c751e8b465ee728b)  -> (artifact id: '5a9787b57357affdba00f52cb6be75f4') in 0,023737 seconds 
  Import took 0,029235 seconds .

========================================================================
Received Import Request.
  Time since last request: 0,000297 seconds.
  path: Assets/Fishes And Underwater Environment Set/2.prefabs/environment_objects/plant_13.prefab
  artifactKey: Guid(8ff01d196e70c4c49ab6f91556383cda) Importer(815301076,1909f56bfc062723c751e8b465ee728b)
Start importing Assets/Fishes And Underwater Environment Set/2.prefabs/environment_objects/plant_13.prefab using Guid(8ff01d196e70c4c49ab6f91556383cda) Importer(815301076,1909f56bfc062723c751e8b465ee728b)  -> (artifact id: '937e149524b0cdff7ae6b3df5955bb8d') in 0,027290 seconds 
  Import took 0,033275 seconds .

========================================================================
Received Import Request.
  Time since last request: 0,000276 seconds.
  path: Assets/Fishes And Underwater Environment Set/2.prefabs/environment_objects/chest.prefab
  artifactKey: Guid(0a59e8c455564477d91c8eec26ca558e) Importer(815301076,1909f56bfc062723c751e8b465ee728b)
Start importing Assets/Fishes And Underwater Environment Set/2.prefabs/environment_objects/chest.prefab using Guid(0a59e8c455564477d91c8eec26ca558e) Importer(815301076,1909f56bfc062723c751e8b465ee728b)  -> (artifact id: '03c3bd02b25d4f6b7b5f13463e47d5ce') in 0,028420 seconds 
  Import took 0,034670 seconds .

========================================================================
Received Import Request.
  Time since last request: 0,000302 seconds.
  path: Assets/Fishes And Underwater Environment Set/2.prefabs/environment_objects/plant_5.prefab
  artifactKey: Guid(8961d975b4b364159b20c23c651ce897) Importer(815301076,1909f56bfc062723c751e8b465ee728b)
Start importing Assets/Fishes And Underwater Environment Set/2.prefabs/environment_objects/plant_5.prefab using Guid(8961d975b4b364159b20c23c651ce897) Importer(815301076,1909f56bfc062723c751e8b465ee728b)  -> (artifact id: '8b2da0e6c8b26809cc819c365daddaa8') in 0,024389 seconds 
  Import took 0,030222 seconds .

========================================================================
Received Import Request.
  Time since last request: 0,000294 seconds.
  path: Assets/Fishes And Underwater Environment Set/2.prefabs/environment_objects/plant_7.prefab
  artifactKey: Guid(fbf1b59e693bc43e18daf184e0d31d09) Importer(815301076,1909f56bfc062723c751e8b465ee728b)
Start importing Assets/Fishes And Underwater Environment Set/2.prefabs/environment_objects/plant_7.prefab using Guid(fbf1b59e693bc43e18daf184e0d31d09) Importer(815301076,1909f56bfc062723c751e8b465ee728b)  -> (artifact id: 'd71a49808b00f26b40229399fd7d79de') in 0,027999 seconds 
  Import took 0,034330 seconds .

========================================================================
Received Import Request.
  Time since last request: 0,000285 seconds.
  path: Assets/Fishes And Underwater Environment Set/2.prefabs/environment_objects/tree.prefab
  artifactKey: Guid(00e1ee32ad6164e57b14f3c2b6f7257b) Importer(815301076,1909f56bfc062723c751e8b465ee728b)
Start importing Assets/Fishes And Underwater Environment Set/2.prefabs/environment_objects/tree.prefab using Guid(00e1ee32ad6164e57b14f3c2b6f7257b) Importer(815301076,1909f56bfc062723c751e8b465ee728b)  -> (artifact id: 'a370f5e496ba77b3966a3210ce2ea747') in 0,029190 seconds 
  Import took 0,036230 seconds .

========================================================================
Received Import Request.
  Time since last request: 0,000291 seconds.
  path: Assets/Fishes And Underwater Environment Set/2.prefabs/environment_objects/plant_8.prefab
  artifactKey: Guid(6b1ea5982207e483a8b1c7b26424e740) Importer(815301076,1909f56bfc062723c751e8b465ee728b)
Start importing Assets/Fishes And Underwater Environment Set/2.prefabs/environment_objects/plant_8.prefab using Guid(6b1ea5982207e483a8b1c7b26424e740) Importer(815301076,1909f56bfc062723c751e8b465ee728b)  -> (artifact id: '3fc303eee7a95603168b2702a72f1d89') in 0,029542 seconds 
  Import took 0,036531 seconds .

========================================================================
Received Import Request.
  Time since last request: 0,000817 seconds.
  path: Assets/Fishes And Underwater Environment Set/2.prefabs/environment_objects/plant_12.prefab
  artifactKey: Guid(067326f3b1753409b8ca2f61176c9986) Importer(815301076,1909f56bfc062723c751e8b465ee728b)
Start importing Assets/Fishes And Underwater Environment Set/2.prefabs/environment_objects/plant_12.prefab using Guid(067326f3b1753409b8ca2f61176c9986) Importer(815301076,1909f56bfc062723c751e8b465ee728b)  -> (artifact id: '460ea7e9f9355c6717ea37316b1ed867') in 0,023368 seconds 
  Import took 0,028890 seconds .

========================================================================
Received Import Request.
  Time since last request: 0,000269 seconds.
  path: Assets/Fishes And Underwater Environment Set/2.prefabs/environment_objects/plant_2.prefab
  artifactKey: Guid(ca5ef314a044c41aaa1729bd2eb4d1c2) Importer(815301076,1909f56bfc062723c751e8b465ee728b)
Start importing Assets/Fishes And Underwater Environment Set/2.prefabs/environment_objects/plant_2.prefab using Guid(ca5ef314a044c41aaa1729bd2eb4d1c2) Importer(815301076,1909f56bfc062723c751e8b465ee728b)  -> (artifact id: '89197bf53a7b98395b13b6437391e3a4') in 0,029429 seconds 
  Import took 0,036805 seconds .

========================================================================
Received Import Request.
  Time since last request: 0,000401 seconds.
  path: Assets/Fishes And Underwater Environment Set/2.prefabs/environment_objects/stone_2.prefab
  artifactKey: Guid(32752a8a330674f098e485e88076b1cb) Importer(815301076,1909f56bfc062723c751e8b465ee728b)
Start importing Assets/Fishes And Underwater Environment Set/2.prefabs/environment_objects/stone_2.prefab using Guid(32752a8a330674f098e485e88076b1cb) Importer(815301076,1909f56bfc062723c751e8b465ee728b)  -> (artifact id: '0979aa4faaf783b854dc9bc1348d8969') in 0,031030 seconds 
  Import took 0,038365 seconds .

========================================================================
Received Import Request.
  Time since last request: 0,000288 seconds.
  path: Assets/Fishes And Underwater Environment Set/2.prefabs/environment_objects/plant_11.prefab
  artifactKey: Guid(c2b1e034caf54441c8341b406c3fbdc4) Importer(815301076,1909f56bfc062723c751e8b465ee728b)
Start importing Assets/Fishes And Underwater Environment Set/2.prefabs/environment_objects/plant_11.prefab using Guid(c2b1e034caf54441c8341b406c3fbdc4) Importer(815301076,1909f56bfc062723c751e8b465ee728b)  -> (artifact id: '5238ab4ba4828f4657743d758891dcf9') in 0,029265 seconds 
  Import took 0,036294 seconds .

========================================================================
Received Import Request.
  Time since last request: 0,000259 seconds.
  path: Assets/Fishes And Underwater Environment Set/2.prefabs/environment_objects/plant_6.prefab
  artifactKey: Guid(68a6eb3047413411e9a70105c25651c4) Importer(815301076,1909f56bfc062723c751e8b465ee728b)
Start importing Assets/Fishes And Underwater Environment Set/2.prefabs/environment_objects/plant_6.prefab using Guid(68a6eb3047413411e9a70105c25651c4) Importer(815301076,1909f56bfc062723c751e8b465ee728b)  -> (artifact id: 'a0440465d376813ec2e4d0f697c396f3') in 0,023886 seconds 
  Import took 0,029332 seconds .

========================================================================
Received Import Request.
  Time since last request: 0,000293 seconds.
  path: Assets/Fishes And Underwater Environment Set/2.prefabs/environment_objects/gate.prefab
  artifactKey: Guid(726a6dc593d92401480183c25ab8c4dc) Importer(815301076,1909f56bfc062723c751e8b465ee728b)
Start importing Assets/Fishes And Underwater Environment Set/2.prefabs/environment_objects/gate.prefab using Guid(726a6dc593d92401480183c25ab8c4dc) Importer(815301076,1909f56bfc062723c751e8b465ee728b)  -> (artifact id: '2ec95137402eb58ee18bbe897e7a1c78') in 0,031809 seconds 
  Import took 0,039371 seconds .

========================================================================
Received Import Request.
  Time since last request: 0,000327 seconds.
  path: Assets/Fishes And Underwater Environment Set/2.prefabs/environment_objects/hallway_background_object.prefab
  artifactKey: Guid(3241852d0e4c6480fb0412988df7a44b) Importer(815301076,1909f56bfc062723c751e8b465ee728b)
Start importing Assets/Fishes And Underwater Environment Set/2.prefabs/environment_objects/hallway_background_object.prefab using Guid(3241852d0e4c6480fb0412988df7a44b) Importer(815301076,1909f56bfc062723c751e8b465ee728b)  -> (artifact id: 'fd3b7677f584d0a31a515adab0cc4a56') in 0,030763 seconds 
  Import took 0,037775 seconds .

========================================================================
Received Import Request.
  Time since last request: 0,000256 seconds.
  path: Assets/Fishes And Underwater Environment Set/2.prefabs/environment_objects/plant_1.prefab
  artifactKey: Guid(74a2853e479554b3995e7aebbed8e32c) Importer(815301076,1909f56bfc062723c751e8b465ee728b)
Start importing Assets/Fishes And Underwater Environment Set/2.prefabs/environment_objects/plant_1.prefab using Guid(74a2853e479554b3995e7aebbed8e32c) Importer(815301076,1909f56bfc062723c751e8b465ee728b)  -> (artifact id: 'fea5b3444f91271f1e3a8b5a10f22650') in 0,031765 seconds 
  Import took 0,038874 seconds .

========================================================================
Received Import Request.
  Time since last request: 0,000280 seconds.
  path: Assets/Fishes And Underwater Environment Set/2.prefabs/environment_objects/plant_14.prefab
  artifactKey: Guid(3e1b0a464efb54ccf949b1d8ba22cc8c) Importer(815301076,1909f56bfc062723c751e8b465ee728b)
Start importing Assets/Fishes And Underwater Environment Set/2.prefabs/environment_objects/plant_14.prefab using Guid(3e1b0a464efb54ccf949b1d8ba22cc8c) Importer(815301076,1909f56bfc062723c751e8b465ee728b)  -> (artifact id: 'd132b384e1acf7857731901ac794338c') in 0,028538 seconds 
  Import took 0,034717 seconds .

========================================================================
Received Import Request.
  Time since last request: 0,000256 seconds.
  path: Assets/Fishes And Underwater Environment Set/2.prefabs/environment_objects/circle.prefab
  artifactKey: Guid(fb1db678cb51d4b81a52459ea957c397) Importer(815301076,1909f56bfc062723c751e8b465ee728b)
Start importing Assets/Fishes And Underwater Environment Set/2.prefabs/environment_objects/circle.prefab using Guid(fb1db678cb51d4b81a52459ea957c397) Importer(815301076,1909f56bfc062723c751e8b465ee728b)  -> (artifact id: '48be4295df7101428e3f8320518536b6') in 0,022331 seconds 
  Import took 0,027678 seconds .

========================================================================
Received Import Request.
  Time since last request: 0,000392 seconds.
  path: Assets/Fishes And Underwater Environment Set/2.prefabs/environment_objects/cave.prefab
  artifactKey: Guid(39063927ee39546fcb7eb67d8c073dee) Importer(815301076,1909f56bfc062723c751e8b465ee728b)
Start importing Assets/Fishes And Underwater Environment Set/2.prefabs/environment_objects/cave.prefab using Guid(39063927ee39546fcb7eb67d8c073dee) Importer(815301076,1909f56bfc062723c751e8b465ee728b)  -> (artifact id: '7583f85ea6413ff0e491385908a75063') in 0,024602 seconds 
  Import took 0,031714 seconds .

========================================================================
Received Import Request.
  Time since last request: 0,000300 seconds.
  path: Assets/Fishes And Underwater Environment Set/2.prefabs/environment_objects/layers_of_ground.prefab
  artifactKey: Guid(e7fb54964e6304699b2529b065461ec7) Importer(815301076,1909f56bfc062723c751e8b465ee728b)
Start importing Assets/Fishes And Underwater Environment Set/2.prefabs/environment_objects/layers_of_ground.prefab using Guid(e7fb54964e6304699b2529b065461ec7) Importer(815301076,1909f56bfc062723c751e8b465ee728b)  -> (artifact id: '65dd82c206d8621619c79046a271c70a') in 0,024474 seconds 
  Import took 0,029478 seconds .

========================================================================
Received Import Request.
  Time since last request: 0,001101 seconds.
  path: Assets/Fishes And Underwater Environment Set/2.prefabs/environment_objects/plant_10.prefab
  artifactKey: Guid(d3b765b0996144bbeabcb68ffe0db13b) Importer(815301076,1909f56bfc062723c751e8b465ee728b)
Start importing Assets/Fishes And Underwater Environment Set/2.prefabs/environment_objects/plant_10.prefab using Guid(d3b765b0996144bbeabcb68ffe0db13b) Importer(815301076,1909f56bfc062723c751e8b465ee728b)  -> (artifact id: '1b61e892b744fbd3fd04d7bbda5bff4e') in 0,023718 seconds 
  Import took 0,029632 seconds .

========================================================================
Received Import Request.
  Time since last request: 0,000294 seconds.
  path: Assets/Fishes And Underwater Environment Set/2.prefabs/environment_objects/stone_1.prefab
  artifactKey: Guid(97c4750ee91a54b4a9e7f7464ab77873) Importer(815301076,1909f56bfc062723c751e8b465ee728b)
Start importing Assets/Fishes And Underwater Environment Set/2.prefabs/environment_objects/stone_1.prefab using Guid(97c4750ee91a54b4a9e7f7464ab77873) Importer(815301076,1909f56bfc062723c751e8b465ee728b)  -> (artifact id: '740378405515c6f41410e6c0ac4cd8fd') in 0,025058 seconds 
  Import took 0,032713 seconds .

========================================================================
Received Import Request.
  Time since last request: 0,000308 seconds.
  path: Assets/Fishes And Underwater Environment Set/2.prefabs/environment_objects/shipwreck.prefab
  artifactKey: Guid(fa61169319b794c33a5a04e00cceaa2e) Importer(815301076,1909f56bfc062723c751e8b465ee728b)
Start importing Assets/Fishes And Underwater Environment Set/2.prefabs/environment_objects/shipwreck.prefab using Guid(fa61169319b794c33a5a04e00cceaa2e) Importer(815301076,1909f56bfc062723c751e8b465ee728b)  -> (artifact id: '5c12682e7258a363d0ae55d67d6905de') in 0,023365 seconds 
  Import took 0,028320 seconds .

========================================================================
Received Import Request.
  Time since last request: 0,000287 seconds.
  path: Assets/Fishes And Underwater Environment Set/2.prefabs/environment_objects/barrel.prefab
  artifactKey: Guid(d3ea142d8379e49798a2f38c11ca0124) Importer(815301076,1909f56bfc062723c751e8b465ee728b)
Start importing Assets/Fishes And Underwater Environment Set/2.prefabs/environment_objects/barrel.prefab using Guid(d3ea142d8379e49798a2f38c11ca0124) Importer(815301076,1909f56bfc062723c751e8b465ee728b)  -> (artifact id: 'f9238a71510659e0fb7d79bd7b35d345') in 0,023659 seconds 
  Import took 0,031067 seconds .

========================================================================
Received Import Request.
  Time since last request: 0,000328 seconds.
  path: Assets/Fishes And Underwater Environment Set/2.prefabs/environment_objects/plant_3.prefab
  artifactKey: Guid(fbe93d9a6fedf4097865624b7e809821) Importer(815301076,1909f56bfc062723c751e8b465ee728b)
Start importing Assets/Fishes And Underwater Environment Set/2.prefabs/environment_objects/plant_3.prefab using Guid(fbe93d9a6fedf4097865624b7e809821) Importer(815301076,1909f56bfc062723c751e8b465ee728b)  -> (artifact id: '038ac2a0a659fc6195d0b09ad316fbb1') in 0,030269 seconds 
  Import took 0,037369 seconds .

========================================================================
Received Import Request.
  Time since last request: 0,000320 seconds.
  path: Assets/Fishes And Underwater Environment Set/2.prefabs/environment_objects/plant_4.prefab
  artifactKey: Guid(4adc2d8a831a54cdcac4853398ecda70) Importer(815301076,1909f56bfc062723c751e8b465ee728b)
Start importing Assets/Fishes And Underwater Environment Set/2.prefabs/environment_objects/plant_4.prefab using Guid(4adc2d8a831a54cdcac4853398ecda70) Importer(815301076,1909f56bfc062723c751e8b465ee728b)  -> (artifact id: 'cf141ac8c57adaf2225f3fd7183a1080') in 0,029272 seconds 
  Import took 0,036525 seconds .

========================================================================
Received Prepare
Registering precompiled user dll's ...
Registered in 0,004143 seconds.
Begin MonoManager ReloadAssembly
Native extension for LinuxStandalone target not found
Native extension for WindowsStandalone target not found
Native extension for OSXStandalone target not found
Native extension for WebGL target not found
Refreshing native plugins compatible for Editor in 0,55 ms, found 0 plugins.
Preloading 0 native plugins for Editor in 0,00 ms.
Mono: successfully reloaded assembly
- Completed reload, in  2,485 seconds
Domain Reload Profiling:
	ReloadAssembly (2486ms)
		BeginReloadAssembly (186ms)
			ExecutionOrderSort (0ms)
			DisableScriptedObjects (10ms)
			BackupInstance (0ms)
			ReleaseScriptingObjects (0ms)
			CreateAndSetChildDomain (79ms)
		EndReloadAssembly (2168ms)
			LoadAssemblies (145ms)
			RebuildTransferFunctionScriptingTraits (0ms)
			SetupTypeCache (732ms)
			ReleaseScriptCaches (2ms)
			RebuildScriptCaches (161ms)
			SetupLoadedEditorAssemblies (800ms)
				LogAssemblyErrors (0ms)
				InitializePlatformSupportModulesInManaged (16ms)
				SetLoadedEditorAssemblies (1ms)
				RefreshPlugins (1ms)
				BeforeProcessingInitializeOnLoad (122ms)
				ProcessInitializeOnLoadAttributes (641ms)
				ProcessInitializeOnLoadMethodAttributes (8ms)
				AfterProcessingInitializeOnLoad (11ms)
				EditorAssembliesLoaded (1ms)
			ExecutionOrderSort2 (0ms)
			AwakeInstancesAfterBackupRestoration (16ms)
Platform modules already initialized, skipping
Refreshing native plugins compatible for Editor in 0,54 ms, found 0 plugins.
Preloading 0 native plugins for Editor in 0,00 ms.
Unloading 1394 Unused Serialized files (Serialized files now loaded: 0)
System memory in use before: 63,3 MB.
System memory in use after: 63,4 MB.

Unloading 11 unused Assets to reduce memory usage. Loaded Objects now: 1855.
Total: 9,706551 ms (FindLiveObjects: 0,288507 ms CreateObjectMapping: 0,101590 ms MarkObjects: 9,246387 ms  DeleteObjects: 0,066756 ms)

AssetImportParameters requested are different than current active one (requested -> active):
  custom:video-decoder-ogg-theora: a1e56fd34408186e4bbccfd4996cb3dc -> 
  custom:container-muxer-webm: aa71ff27fc2769a1b78a27578f13a17b -> 
  custom:container-demuxer-webm: 4f35f7cbe854078d1ac9338744f61a02 -> 
  custom:container-demuxer-ogg: 62fdf1f143b41e24485cea50d1cbac27 -> 
  custom:video-encoder-webm-vp8: eb34c28f22e8b96e1ab97ce403110664 -> 
  custom:video-decoder-webm-vp8: 9c59270c3fd7afecdb556c50c9e8de78 -> 
  custom:audio-decoder-ogg-vorbis: bf7c407c2cedff20999df2af8eb42d56 -> 
  custom:audio-encoder-webm-vorbis: bf7c407c2cedff20999df2af8eb42d56 -> 
========================================================================
Received Import Request.
  Time since last request: 248,078731 seconds.
  path: Assets/Fishes And Underwater Environment Set/4.materials
  artifactKey: Guid(d73586aff2ded44ef8a4e1639d0de733) Importer(815301076,1909f56bfc062723c751e8b465ee728b)
Start importing Assets/Fishes And Underwater Environment Set/4.materials using Guid(d73586aff2ded44ef8a4e1639d0de733) Importer(815301076,1909f56bfc062723c751e8b465ee728b)  -> (artifact id: '5e58d3e1f3470d7517709a21b9ae75d8') in 0,007958 seconds 
  Import took 0,015006 seconds .

========================================================================
Received Import Request.
  Time since last request: 3,894274 seconds.
  path: Assets/Fishes And Underwater Environment Set/4.materials/environment_tex.mat
  artifactKey: Guid(4d37da9cf14fb47d2badeeb930e821f7) Importer(815301076,1909f56bfc062723c751e8b465ee728b)
Start importing Assets/Fishes And Underwater Environment Set/4.materials/environment_tex.mat using Guid(4d37da9cf14fb47d2badeeb930e821f7) Importer(815301076,1909f56bfc062723c751e8b465ee728b)  -> (artifact id: '0d29b73b8e12118cdf73ebe55f267b75') in 0,127518 seconds 
  Import took 0,132356 seconds .

========================================================================
Received Import Request.
  Time since last request: 0,000308 seconds.
  path: Assets/Fishes And Underwater Environment Set/4.materials/environment_tex.png
  artifactKey: Guid(51f9b716683bc4e47a10e558819b1822) Importer(815301076,1909f56bfc062723c751e8b465ee728b)
Start importing Assets/Fishes And Underwater Environment Set/4.materials/environment_tex.png using Guid(51f9b716683bc4e47a10e558819b1822) Importer(815301076,1909f56bfc062723c751e8b465ee728b)  -> (artifact id: '9b81d34602c76b75bef9f3a113fc3291') in 0,052316 seconds 
  Import took 0,057311 seconds .

========================================================================
Received Import Request.
  Time since last request: 3,172373 seconds.
  path: Assets/Fishes And Underwater Environment Set/3.models/Fishes And Underwater Environment Set.fbx
  artifactKey: Guid(5e050c1b33b3e425b84385641e1ef86d) Importer(815301076,1909f56bfc062723c751e8b465ee728b)
Start importing Assets/Fishes And Underwater Environment Set/3.models/Fishes And Underwater Environment Set.fbx using Guid(5e050c1b33b3e425b84385641e1ef86d) Importer(815301076,1909f56bfc062723c751e8b465ee728b)  -> (artifact id: '799f2306b49aa025172ce5b1a92c8d3e') in 0,984201 seconds 
  Import took 0,991283 seconds .

========================================================================
Received Import Request.
  Time since last request: 23,080650 seconds.
  path: Assets/Fishes And Underwater Environment Set/3.models
  artifactKey: Guid(2177333e373644e74ace8613a08aa968) Importer(815301076,1909f56bfc062723c751e8b465ee728b)
Start importing Assets/Fishes And Underwater Environment Set/3.models using Guid(2177333e373644e74ace8613a08aa968) Importer(815301076,1909f56bfc062723c751e8b465ee728b)  -> (artifact id: '7a22179fbe1d0b8ebc1f4482cb9bb9d9') in 0,001913 seconds 
  Import took 0,008196 seconds .

========================================================================
Received Import Request.
  Time since last request: 21,470928 seconds.
  path: Assets/Fishes And Underwater Environment Set/2.prefabs
  artifactKey: Guid(20a75e5eed6124dcfb58c68a2618b186) Importer(815301076,1909f56bfc062723c751e8b465ee728b)
Start importing Assets/Fishes And Underwater Environment Set/2.prefabs using Guid(20a75e5eed6124dcfb58c68a2618b186) Importer(815301076,1909f56bfc062723c751e8b465ee728b)  -> (artifact id: '33cc3ad088d4cadf8305a3382687977a') in 0,001939 seconds 
  Import took 0,007287 seconds .

AssetImportWorkerClient::OnTransportError - code=2 error=End of file
