Unity Editor version:    2020.3.19f1 (68f137dc9bbe)
Branch:                  2020.3/staging
Build type:              Release
Batch mode:              YES
System name:             Linux
Distro version:          #1 SMP PREEMPT Thu Oct 7 06:43:34 UTC 2021
Kernel version:          5.14.10-1-MANJARO
Architecture:            x86_64
Available memory:        7869 MB
Using pre-set license
Pro License: NO
Desktop is 1920 x 1080 @ 60 Hz

COMMAND LINE ARGUMENTS:
Unity
-adb2
-batchMode
-noUpm
-name
AssetImportWorker3
-projectPath
/home/francinesevilla/Documentos/GitHub/Minotaurs
-logFile
Logs/AssetImportWorker3.log
-srvPort
35299
Successfully changed project path to: /home/francinesevilla/Documentos/GitHub/Minotaurs
/home/francinesevilla/Documentos/GitHub/Minotaurs
Using Asset Import Pipeline V2.
Refreshing native plugins compatible for Editor in 71,46 ms, found 0 plugins.
Preloading 0 native plugins for Editor in 0,00 ms.
Initialize engine version: 2020.3.19f1 (68f137dc9bbe)
[Subsystems] Discovering subsystems at path /home/francinesevilla/Unity/Hub/Editor/2020.3.19f1/Editor/Data/Resources/UnitySubsystems
[Subsystems] Discovering subsystems at path /home/francinesevilla/Documentos/GitHub/Minotaurs/Assets
GLX Extensions: GLX_ARB_create_context GLX_ARB_create_context_no_error GLX_ARB_create_context_profile GLX_ARB_create_context_robustness GLX_ARB_fbconfig_float GLX_ARB_framebuffer_sRGB GLX_ARB_get_proc_address GLX_ARB_multisample GLX_EXT_buffer_age GLX_EXT_create_context_es2_profile GLX_EXT_create_context_es_profile GLX_EXT_fbconfig_packed_float GLX_EXT_framebuffer_sRGB GLX_EXT_import_context GLX_EXT_no_config_context GLX_EXT_swap_control GLX_EXT_swap_control_tear GLX_EXT_texture_from_pixmap GLX_EXT_visual_info GLX_EXT_visual_rating GLX_INTEL_swap_event GLX_MESA_copy_sub_buffer GLX_MESA_query_renderer GLX_MESA_swap_control GLX_OML_swap_method GLX_OML_sync_control GLX_SGIS_multisample GLX_SGIX_fbconfig GLX_SGIX_pbuffer GLX_SGIX_visual_select_group GLX_SGI_make_current_read GLX_SGI_swap_control GLX_SGI_video_sync 
Renderer: Mesa DRI Intel(R) HD Graphics 4400 (HSW GT2)
Vendor:   Intel Open Source Technology Center
Version:  4.5 (Core Profile) Mesa 21.2.3
GLES:     0
 GL_3DFX_texture_compression_FXT1 GL_AMD_conservative_depth GL_AMD_draw_buffers_blend GL_AMD_multi_draw_indirect GL_AMD_query_buffer_object GL_AMD_seamless_cubemap_per_texture GL_AMD_shader_trinary_minmax GL_AMD_texture_texture4 GL_AMD_vertex_shader_layer GL_AMD_vertex_shader_viewport_index GL_ANGLE_texture_compression_dxt3 GL_ANGLE_texture_compression_dxt5 GL_APPLE_object_purgeable GL_ARB_ES2_compatibility GL_ARB_ES3_1_compatibility GL_ARB_ES3_compatibility GL_ARB_arrays_of_arrays GL_ARB_base_instance GL_ARB_blend_func_extended GL_ARB_buffer_storage GL_ARB_clear_buffer_object GL_ARB_clear_texture GL_ARB_clip_control GL_ARB_compressed_texture_pixel_storage GL_ARB_compute_shader GL_ARB_compute_variable_group_size GL_ARB_conditional_render_inverted GL_ARB_conservative_depth GL_ARB_copy_buffer GL_ARB_copy_image GL_ARB_cull_distance GL_ARB_debug_output GL_ARB_depth_buffer_float GL_ARB_depth_clamp GL_ARB_derivative_control GL_ARB_direct_state_access GL_ARB_draw_buffers GL_ARB_draw_buffers_blend GL_ARB_draw_elemen
ts_base_vertex GL_ARB_draw_indirect GL_ARB_draw_instanced GL_ARB_enhanced_layouts GL_ARB_explicit_attrib_location GL_ARB_explicit_uniform_location GL_ARB_fragment_coord_conventions GL_ARB_fragment_layer_viewport GL_ARB_fragment_shader GL_ARB_framebuffer_no_attachments GL_ARB_framebuffer_object GL_ARB_framebuffer_sRGB GL_ARB_get_program_binary GL_ARB_get_texture_sub_image GL_ARB_gl_spirv GL_ARB_gpu_shader5 GL_ARB_gpu_shader_fp64 GL_ARB_half_float_pixel GL_ARB_half_float_vertex GL_ARB_indirect_parameters GL_ARB_instanced_arrays GL_ARB_internalformat_query GL_ARB_internalformat_query2 GL_ARB_invalidate_subdata GL_ARB_map_buffer_alignment GL_ARB_map_buffer_range GL_ARB_multi_bind GL_ARB_multi_draw_indirect GL_ARB_occlusion_query2 GL_ARB_parallel_shader_compile GL_ARB_pipeline_statistics_query GL_ARB_pixel_buffer_object GL_ARB_point_sprite GL_ARB_polygon_offset_clamp GL_ARB_program_interface_query GL_ARB_provoking_vertex GL_ARB_query_buffer_object GL_ARB_robust_buffer_access_behavior GL_ARB_robustness GL_ARB_samp
le_shading GL_ARB_sampler_objects GL_ARB_seamless_cube_map GL_ARB_seamless_cubemap_per_texture GL_ARB_separate_shader_objects GL_ARB_shader_atomic_counter_ops GL_ARB_shader_atomic_counters GL_ARB_shader_bit_encoding GL_ARB_shader_clock GL_ARB_shader_draw_parameters GL_ARB_shader_group_vote GL_ARB_shader_image_load_store GL_ARB_shader_image_size GL_ARB_shader_objects GL_ARB_shader_precision GL_ARB_shader_storage_buffer_object GL_ARB_shader_subroutine GL_ARB_shader_texture_image_samples GL_ARB_shader_texture_lod GL_ARB_shader_viewport_layer_array GL_ARB_shading_language_420pack GL_ARB_shading_language_include GL_ARB_shading_language_packing GL_ARB_spirv_extensions GL_ARB_stencil_texturing GL_ARB_sync GL_ARB_tessellation_shader GL_ARB_texture_barrier GL_ARB_texture_buffer_object GL_ARB_texture_buffer_object_rgb32 GL_ARB_texture_buffer_range GL_ARB_texture_compression_bptc GL_ARB_texture_compression_rgtc GL_ARB_texture_cube_map_array GL_ARB_texture_filter_anisotropic GL_ARB_texture_float GL_ARB_texture_gather GL
_ARB_texture_mirror_clamp_to_edge GL_ARB_texture_multisample GL_ARB_texture_non_power_of_two GL_ARB_texture_query_levels GL_ARB_texture_query_lod GL_ARB_texture_rectangle GL_ARB_texture_rg GL_ARB_texture_rgb10_a2ui GL_ARB_texture_stencil8 GL_ARB_texture_storage GL_ARB_texture_storage_multisample GL_ARB_texture_swizzle GL_ARB_texture_view GL_ARB_timer_query GL_ARB_transform_feedback2 GL_ARB_transform_feedback3 GL_ARB_transform_feedback_instanced GL_ARB_transform_feedback_overflow_query GL_ARB_uniform_buffer_object GL_ARB_vertex_array_bgra GL_ARB_vertex_array_object GL_ARB_vertex_attrib_64bit GL_ARB_vertex_attrib_binding GL_ARB_vertex_buffer_object GL_ARB_vertex_shader GL_ARB_vertex_type_10f_11f_11f_rev GL_ARB_vertex_type_2_10_10_10_rev GL_ARB_viewport_array GL_ATI_blend_equation_separate GL_ATI_texture_float GL_EXT_EGL_image_storage GL_EXT_EGL_sync GL_EXT_abgr GL_EXT_blend_equation_separate GL_EXT_demote_to_helper_invocation GL_EXT_draw_buffers2 GL_EXT_draw_instanced GL_EXT_framebuffer_blit GL_EXT_framebuffer
_multisample GL_EXT_framebuffer_multisample_blit_scaled GL_EXT_framebuffer_object GL_EXT_framebuffer_sRGB GL_EXT_memory_object GL_EXT_memory_object_fd GL_EXT_packed_depth_stencil GL_EXT_packed_float GL_EXT_pixel_buffer_object GL_EXT_polygon_offset_clamp GL_EXT_provoking_vertex GL_EXT_semaphore GL_EXT_semaphore_fd GL_EXT_shader_framebuffer_fetch_non_coherent GL_EXT_shader_integer_mix GL_EXT_shader_samples_identical GL_EXT_texture_array GL_EXT_texture_compression_dxt1 GL_EXT_texture_compression_rgtc GL_EXT_texture_compression_s3tc GL_EXT_texture_filter_anisotropic GL_EXT_texture_integer GL_EXT_texture_sRGB GL_EXT_texture_sRGB_R8 GL_EXT_texture_sRGB_decode GL_EXT_texture_shadow_lod GL_EXT_texture_shared_exponent GL_EXT_texture_snorm GL_EXT_texture_swizzle GL_EXT_timer_query GL_EXT_transform_feedback GL_EXT_vertex_array_bgra GL_EXT_vertex_attrib_64bit GL_IBM_multimode_draw_arrays GL_INTEL_blackhole_render GL_INTEL_performance_query GL_KHR_blend_equation_advanced GL_KHR_context_flush_control GL_KHR_debug GL_KHR_n
o_error GL_KHR_parallel_shader_compile GL_KHR_robust_buffer_access_behavior GL_KHR_robustness GL_MESA_framebuffer_flip_y GL_MESA_pack_invert GL_MESA_shader_integer_functions GL_MESA_texture_signed_rgba GL_NV_compute_shader_derivatives GL_NV_conditional_render GL_NV_depth_clamp GL_NV_packed_depth_stencil GL_NV_texture_barrier GL_OES_EGL_image GL_S3_s3tc
OPENGL LOG: Creating OpenGL 4.5 graphics device ; Context level  <OpenGL 4.5> ; Context handle -1223411904
Initialize mono
Mono path[0] = '/home/francinesevilla/Unity/Hub/Editor/2020.3.19f1/Editor/Data/Managed'
Mono path[1] = '/home/francinesevilla/Unity/Hub/Editor/2020.3.19f1/Editor/Data/MonoBleedingEdge/lib/mono/unityjit'
Mono config path = '/home/francinesevilla/Unity/Hub/Editor/2020.3.19f1/Editor/Data/MonoBleedingEdge/etc'
Using monoOptions --debugger-agent=transport=dt_socket,embedding=1,server=y,suspend=n,address=127.0.0.1:56734
Begin MonoManager ReloadAssembly
Registering precompiled unity dll's ...
Register platform support module: /home/francinesevilla/Unity/Hub/Editor/2020.3.19f1/Editor/Data/PlaybackEngines/WebGLSupport/UnityEditor.WebGL.Extensions.dll
Register platform support module: /home/francinesevilla/Unity/Hub/Editor/2020.3.19f1/Editor/Data/PlaybackEngines/MacStandaloneSupport/UnityEditor.OSXStandalone.Extensions.dll
Register platform support module: /home/francinesevilla/Unity/Hub/Editor/2020.3.19f1/Editor/Data/PlaybackEngines/WindowsStandaloneSupport/UnityEditor.WindowsStandalone.Extensions.dll
Register platform support module: /home/francinesevilla/Unity/Hub/Editor/2020.3.19f1/Editor/Data/PlaybackEngines/LinuxStandaloneSupport/UnityEditor.LinuxStandalone.Extensions.dll
Registered in 0,007063 seconds.
Native extension for LinuxStandalone target not found
Native extension for WindowsStandalone target not found
Native extension for OSXStandalone target not found
Native extension for WebGL target not found
Refreshing native plugins compatible for Editor in 98,54 ms, found 0 plugins.
Preloading 0 native plugins for Editor in 0,00 ms.
Mono: successfully reloaded assembly
- Completed reload, in  4,373 seconds
Domain Reload Profiling:
	ReloadAssembly (4374ms)
		BeginReloadAssembly (95ms)
			ExecutionOrderSort (0ms)
			DisableScriptedObjects (0ms)
			BackupInstance (0ms)
			ReleaseScriptingObjects (0ms)
			CreateAndSetChildDomain (2ms)
		EndReloadAssembly (1268ms)
			LoadAssemblies (92ms)
			RebuildTransferFunctionScriptingTraits (0ms)
			SetupTypeCache (418ms)
			ReleaseScriptCaches (0ms)
			RebuildScriptCaches (85ms)
			SetupLoadedEditorAssemblies (606ms)
				LogAssemblyErrors (0ms)
				InitializePlatformSupportModulesInManaged (16ms)
				SetLoadedEditorAssemblies (1ms)
				RefreshPlugins (100ms)
				BeforeProcessingInitializeOnLoad (32ms)
				ProcessInitializeOnLoadAttributes (331ms)
				ProcessInitializeOnLoadMethodAttributes (127ms)
				AfterProcessingInitializeOnLoad (0ms)
				EditorAssembliesLoaded (1ms)
			ExecutionOrderSort2 (0ms)
			AwakeInstancesAfterBackupRestoration (0ms)
Platform modules already initialized, skipping
Registering precompiled user dll's ...
Registered in 0,007659 seconds.
Begin MonoManager ReloadAssembly
Native extension for LinuxStandalone target not found
Native extension for WindowsStandalone target not found
Native extension for OSXStandalone target not found
Native extension for WebGL target not found
Refreshing native plugins compatible for Editor in 0,77 ms, found 0 plugins.
Preloading 0 native plugins for Editor in 0,00 ms.
Mono: successfully reloaded assembly
- Completed reload, in  4,606 seconds
Domain Reload Profiling:
	ReloadAssembly (4633ms)
		BeginReloadAssembly (634ms)
			ExecutionOrderSort (0ms)
			DisableScriptedObjects (24ms)
			BackupInstance (0ms)
			ReleaseScriptingObjects (1ms)
			CreateAndSetChildDomain (105ms)
		EndReloadAssembly (3659ms)
			LoadAssemblies (338ms)
			RebuildTransferFunctionScriptingTraits (0ms)
			SetupTypeCache (1396ms)
			ReleaseScriptCaches (3ms)
			RebuildScriptCaches (233ms)
			SetupLoadedEditorAssemblies (1161ms)
				LogAssemblyErrors (0ms)
				InitializePlatformSupportModulesInManaged (40ms)
				SetLoadedEditorAssemblies (1ms)
				RefreshPlugins (1ms)
				BeforeProcessingInitializeOnLoad (242ms)
				ProcessInitializeOnLoadAttributes (847ms)
				ProcessInitializeOnLoadMethodAttributes (12ms)
				AfterProcessingInitializeOnLoad (17ms)
				EditorAssembliesLoaded (1ms)
			ExecutionOrderSort2 (0ms)
			AwakeInstancesAfterBackupRestoration (23ms)
Platform modules already initialized, skipping
========================================================================
Worker process is ready to serve import requests
Launched and connected shader compiler UnityShaderCompiler after 0.13 seconds
Refreshing native plugins compatible for Editor in 0,81 ms, found 0 plugins.
Preloading 0 native plugins for Editor in 0,00 ms.
Unloading 1400 Unused Serialized files (Serialized files now loaded: 0)
System memory in use before: 59,4 MB.
System memory in use after: 59,4 MB.

Unloading 16 unused Assets to reduce memory usage. Loaded Objects now: 1835.
Total: 15,428741 ms (FindLiveObjects: 0,402112 ms CreateObjectMapping: 0,170640 ms MarkObjects: 14,441069 ms  DeleteObjects: 0,412074 ms)

AssetImportParameters requested are different than current active one (requested -> active):
  custom:video-decoder-ogg-theora: a1e56fd34408186e4bbccfd4996cb3dc -> 
  custom:container-muxer-webm: aa71ff27fc2769a1b78a27578f13a17b -> 
  custom:container-demuxer-webm: 4f35f7cbe854078d1ac9338744f61a02 -> 
  custom:container-demuxer-ogg: 62fdf1f143b41e24485cea50d1cbac27 -> 
  custom:video-encoder-webm-vp8: eb34c28f22e8b96e1ab97ce403110664 -> 
  custom:video-decoder-webm-vp8: 9c59270c3fd7afecdb556c50c9e8de78 -> 
  custom:audio-decoder-ogg-vorbis: bf7c407c2cedff20999df2af8eb42d56 -> 
  custom:audio-encoder-webm-vorbis: bf7c407c2cedff20999df2af8eb42d56 -> 
========================================================================
Received Import Request.
  path: Assets/Meshtint Free Boximon Cyclopes Mega Toon Series/Prefabs/Boximon Cyclopes.prefab
  artifactKey: Guid(84493eaa65d75074ca2c6e2d8a90ff9a) Importer(815301076,1909f56bfc062723c751e8b465ee728b)
Start importing Assets/Meshtint Free Boximon Cyclopes Mega Toon Series/Prefabs/Boximon Cyclopes.prefab using Guid(84493eaa65d75074ca2c6e2d8a90ff9a) Importer(815301076,1909f56bfc062723c751e8b465ee728b)  -> (artifact id: 'b16be028dab211cf0495bf45103708bf') in 1,629384 seconds 
  Import took 1,637921 seconds .

========================================================================
Received Import Request.
  Time since last request: 22,234840 seconds.
  path: Assets/Scenes/Enemy.cs
  artifactKey: Guid(9b33944ef17ed762dab3489c10cb757f) Importer(815301076,1909f56bfc062723c751e8b465ee728b)
Start importing Assets/Scenes/Enemy.cs using Guid(9b33944ef17ed762dab3489c10cb757f) Importer(815301076,1909f56bfc062723c751e8b465ee728b)  -> (artifact id: '56dc02f823dbb826fe1d663c80f07ec3') in 0,001996 seconds 
  Import took 0,008704 seconds .

========================================================================
Received Prepare
Registering precompiled user dll's ...
Registered in 0,004288 seconds.
Begin MonoManager ReloadAssembly
Native extension for LinuxStandalone target not found
Native extension for WindowsStandalone target not found
Native extension for OSXStandalone target not found
Native extension for WebGL target not found
Refreshing native plugins compatible for Editor in 0,51 ms, found 0 plugins.
Preloading 0 native plugins for Editor in 0,00 ms.
Mono: successfully reloaded assembly
- Completed reload, in  2,475 seconds
Domain Reload Profiling:
	ReloadAssembly (2476ms)
		BeginReloadAssembly (273ms)
			ExecutionOrderSort (0ms)
			DisableScriptedObjects (12ms)
			BackupInstance (0ms)
			ReleaseScriptingObjects (0ms)
			CreateAndSetChildDomain (143ms)
		EndReloadAssembly (2045ms)
			LoadAssemblies (197ms)
			RebuildTransferFunctionScriptingTraits (0ms)
			SetupTypeCache (683ms)
			ReleaseScriptCaches (2ms)
			RebuildScriptCaches (112ms)
			SetupLoadedEditorAssemblies (731ms)
				LogAssemblyErrors (0ms)
				InitializePlatformSupportModulesInManaged (18ms)
				SetLoadedEditorAssemblies (1ms)
				RefreshPlugins (1ms)
				BeforeProcessingInitializeOnLoad (117ms)
				ProcessInitializeOnLoadAttributes (572ms)
				ProcessInitializeOnLoadMethodAttributes (10ms)
				AfterProcessingInitializeOnLoad (12ms)
				EditorAssembliesLoaded (1ms)
			ExecutionOrderSort2 (0ms)
			AwakeInstancesAfterBackupRestoration (18ms)
Platform modules already initialized, skipping
Refreshing native plugins compatible for Editor in 0,53 ms, found 0 plugins.
Preloading 0 native plugins for Editor in 0,00 ms.
Unloading 1394 Unused Serialized files (Serialized files now loaded: 0)
System memory in use before: 60,6 MB.
System memory in use after: 60,7 MB.

Unloading 11 unused Assets to reduce memory usage. Loaded Objects now: 1844.
Total: 10,582994 ms (FindLiveObjects: 0,381065 ms CreateObjectMapping: 0,172373 ms MarkObjects: 9,960023 ms  DeleteObjects: 0,066470 ms)

AssetImportParameters requested are different than current active one (requested -> active):
  custom:video-decoder-ogg-theora: a1e56fd34408186e4bbccfd4996cb3dc -> 
  custom:container-muxer-webm: aa71ff27fc2769a1b78a27578f13a17b -> 
  custom:container-demuxer-webm: 4f35f7cbe854078d1ac9338744f61a02 -> 
  custom:container-demuxer-ogg: 62fdf1f143b41e24485cea50d1cbac27 -> 
  custom:video-encoder-webm-vp8: eb34c28f22e8b96e1ab97ce403110664 -> 
  custom:video-decoder-webm-vp8: 9c59270c3fd7afecdb556c50c9e8de78 -> 
  custom:audio-decoder-ogg-vorbis: bf7c407c2cedff20999df2af8eb42d56 -> 
  custom:audio-encoder-webm-vorbis: bf7c407c2cedff20999df2af8eb42d56 -> 
========================================================================
Received Import Request.
  Time since last request: 310,829703 seconds.
  path: Assets/Elven_assassin/Prefabs
  artifactKey: Guid(a3a8d86a3e6aa974690cc457c0431ac4) Importer(815301076,1909f56bfc062723c751e8b465ee728b)
Start importing Assets/Elven_assassin/Prefabs using Guid(a3a8d86a3e6aa974690cc457c0431ac4) Importer(815301076,1909f56bfc062723c751e8b465ee728b)  -> (artifact id: '80773deb3fd4a9ac240481626b94bfef') in 0,006713 seconds 
  Import took 0,012887 seconds .

========================================================================
Received Import Request.
  Time since last request: 0,041526 seconds.
  path: Assets/Elven_assassin/Prefabs/elf_cartoon.prefab
  artifactKey: Guid(5d726c6c11eabcd4380fd7e04f90b040) Importer(815301076,1909f56bfc062723c751e8b465ee728b)
Start importing Assets/Elven_assassin/Prefabs/elf_cartoon.prefab using Guid(5d726c6c11eabcd4380fd7e04f90b040) Importer(815301076,1909f56bfc062723c751e8b465ee728b)  -> (artifact id: 'ce3fd33bad626900010ed615a9694648') in 0,688092 seconds 
  Import took 0,695121 seconds .

========================================================================
Received Import Request.
  Time since last request: 0,000303 seconds.
  path: Assets/Elven_assassin/Prefabs/platform_cartoon.prefab
  artifactKey: Guid(330a474cbf20d9d418c638fad50ab26b) Importer(815301076,1909f56bfc062723c751e8b465ee728b)
Start importing Assets/Elven_assassin/Prefabs/platform_cartoon.prefab using Guid(330a474cbf20d9d418c638fad50ab26b) Importer(815301076,1909f56bfc062723c751e8b465ee728b)  -> (artifact id: '51811d6324fceac6b092de7d9c43f44c') in 0,021026 seconds 
  Import took 0,028072 seconds .

========================================================================
Received Import Request.
  Time since last request: 0,003546 seconds.
  path: Assets/Elven_assassin/Prefabs/elf_realistic_pose.prefab
  artifactKey: Guid(f73d68f6d4a59bd46a40d604b7c677cd) Importer(815301076,1909f56bfc062723c751e8b465ee728b)
Start importing Assets/Elven_assassin/Prefabs/elf_realistic_pose.prefab using Guid(f73d68f6d4a59bd46a40d604b7c677cd) Importer(815301076,1909f56bfc062723c751e8b465ee728b)  -> (artifact id: 'd9faa3e4e7966ae391000fd7280a624f') in 2,550924 seconds 
  Import took 2,562035 seconds .

========================================================================
Received Import Request.
  Time since last request: 0,000328 seconds.
  path: Assets/Elven_assassin/Prefabs/platform_realistic.prefab
  artifactKey: Guid(22dcb73630f26e440895232df0684c43) Importer(815301076,1909f56bfc062723c751e8b465ee728b)
Start importing Assets/Elven_assassin/Prefabs/platform_realistic.prefab using Guid(22dcb73630f26e440895232df0684c43) Importer(815301076,1909f56bfc062723c751e8b465ee728b)  -> (artifact id: 'e2836abc5cb9a1c2d1bbf56d84649405') in 0,019442 seconds 
  Import took 0,026618 seconds .

========================================================================
Received Import Request.
  Time since last request: 0,000385 seconds.
  path: Assets/Elven_assassin/Prefabs/elf_cartoon_pose.prefab
  artifactKey: Guid(28ca59b1aaa5d804ab5fce89c0b01531) Importer(815301076,1909f56bfc062723c751e8b465ee728b)
Start importing Assets/Elven_assassin/Prefabs/elf_cartoon_pose.prefab using Guid(28ca59b1aaa5d804ab5fce89c0b01531) Importer(815301076,1909f56bfc062723c751e8b465ee728b)  -> (artifact id: '73dd32823eee41709705ef74c5fd49a3') in 0,046030 seconds 
  Import took 0,053955 seconds .

========================================================================
Received Import Request.
  Time since last request: 0,000305 seconds.
  path: Assets/Elven_assassin/Prefabs/elf_realistic.prefab
  artifactKey: Guid(2a9f79aa3d5acac4fb4244803f1bfefe) Importer(815301076,1909f56bfc062723c751e8b465ee728b)
Start importing Assets/Elven_assassin/Prefabs/elf_realistic.prefab using Guid(2a9f79aa3d5acac4fb4244803f1bfefe) Importer(815301076,1909f56bfc062723c751e8b465ee728b)  -> (artifact id: 'e333a71125b65c17648e0d9adcaa66a6') in 0,125120 seconds 
  Import took 0,138200 seconds .

========================================================================
Received Prepare
Registering precompiled user dll's ...
Registered in 0,004999 seconds.
Begin MonoManager ReloadAssembly
Native extension for LinuxStandalone target not found
Native extension for WindowsStandalone target not found
Native extension for OSXStandalone target not found
Native extension for WebGL target not found
Refreshing native plugins compatible for Editor in 0,56 ms, found 0 plugins.
Preloading 0 native plugins for Editor in 0,00 ms.
Mono: successfully reloaded assembly
- Completed reload, in  2,445 seconds
Domain Reload Profiling:
	ReloadAssembly (2446ms)
		BeginReloadAssembly (208ms)
			ExecutionOrderSort (0ms)
			DisableScriptedObjects (12ms)
			BackupInstance (0ms)
			ReleaseScriptingObjects (0ms)
			CreateAndSetChildDomain (86ms)
		EndReloadAssembly (2068ms)
			LoadAssemblies (208ms)
			RebuildTransferFunctionScriptingTraits (0ms)
			SetupTypeCache (725ms)
			ReleaseScriptCaches (1ms)
			RebuildScriptCaches (107ms)
			SetupLoadedEditorAssemblies (719ms)
				LogAssemblyErrors (0ms)
				InitializePlatformSupportModulesInManaged (16ms)
				SetLoadedEditorAssemblies (1ms)
				RefreshPlugins (1ms)
				BeforeProcessingInitializeOnLoad (126ms)
				ProcessInitializeOnLoadAttributes (555ms)
				ProcessInitializeOnLoadMethodAttributes (9ms)
				AfterProcessingInitializeOnLoad (11ms)
				EditorAssembliesLoaded (1ms)
			ExecutionOrderSort2 (0ms)
			AwakeInstancesAfterBackupRestoration (17ms)
Platform modules already initialized, skipping
Refreshing native plugins compatible for Editor in 0,84 ms, found 0 plugins.
Preloading 0 native plugins for Editor in 0,00 ms.
Unloading 1394 Unused Serialized files (Serialized files now loaded: 0)
System memory in use before: 61,0 MB.
System memory in use after: 61,0 MB.

Unloading 11 unused Assets to reduce memory usage. Loaded Objects now: 1850.
Total: 11,228208 ms (FindLiveObjects: 0,539273 ms CreateObjectMapping: 0,256632 ms MarkObjects: 10,356436 ms  DeleteObjects: 0,072327 ms)

AssetImportParameters requested are different than current active one (requested -> active):
  custom:video-decoder-ogg-theora: a1e56fd34408186e4bbccfd4996cb3dc -> 
  custom:container-muxer-webm: aa71ff27fc2769a1b78a27578f13a17b -> 
  custom:container-demuxer-webm: 4f35f7cbe854078d1ac9338744f61a02 -> 
  custom:container-demuxer-ogg: 62fdf1f143b41e24485cea50d1cbac27 -> 
  custom:video-encoder-webm-vp8: eb34c28f22e8b96e1ab97ce403110664 -> 
  custom:video-decoder-webm-vp8: 9c59270c3fd7afecdb556c50c9e8de78 -> 
  custom:audio-decoder-ogg-vorbis: bf7c407c2cedff20999df2af8eb42d56 -> 
  custom:audio-encoder-webm-vorbis: bf7c407c2cedff20999df2af8eb42d56 -> 
========================================================================
Received Prepare
Registering precompiled user dll's ...
Registered in 0,004408 seconds.
Begin MonoManager ReloadAssembly
Native extension for LinuxStandalone target not found
Native extension for WindowsStandalone target not found
Native extension for OSXStandalone target not found
Native extension for WebGL target not found
Refreshing native plugins compatible for Editor in 0,63 ms, found 0 plugins.
Preloading 0 native plugins for Editor in 0,00 ms.
Mono: successfully reloaded assembly
- Completed reload, in  2,243 seconds
Domain Reload Profiling:
	ReloadAssembly (2243ms)
		BeginReloadAssembly (182ms)
			ExecutionOrderSort (0ms)
			DisableScriptedObjects (12ms)
			BackupInstance (0ms)
			ReleaseScriptingObjects (0ms)
			CreateAndSetChildDomain (73ms)
		EndReloadAssembly (1915ms)
			LoadAssemblies (179ms)
			RebuildTransferFunctionScriptingTraits (0ms)
			SetupTypeCache (646ms)
			ReleaseScriptCaches (1ms)
			RebuildScriptCaches (103ms)
			SetupLoadedEditorAssemblies (712ms)
				LogAssemblyErrors (0ms)
				InitializePlatformSupportModulesInManaged (17ms)
				SetLoadedEditorAssemblies (1ms)
				RefreshPlugins (1ms)
				BeforeProcessingInitializeOnLoad (111ms)
				ProcessInitializeOnLoadAttributes (561ms)
				ProcessInitializeOnLoadMethodAttributes (9ms)
				AfterProcessingInitializeOnLoad (11ms)
				EditorAssembliesLoaded (1ms)
			ExecutionOrderSort2 (0ms)
			AwakeInstancesAfterBackupRestoration (18ms)
Platform modules already initialized, skipping
Refreshing native plugins compatible for Editor in 1,04 ms, found 0 plugins.
Preloading 0 native plugins for Editor in 0,00 ms.
Unloading 1394 Unused Serialized files (Serialized files now loaded: 0)
System memory in use before: 61,0 MB.
System memory in use after: 61,0 MB.

Unloading 11 unused Assets to reduce memory usage. Loaded Objects now: 1852.
Total: 12,357358 ms (FindLiveObjects: 0,407579 ms CreateObjectMapping: 0,176137 ms MarkObjects: 11,681121 ms  DeleteObjects: 0,088956 ms)

AssetImportParameters requested are different than current active one (requested -> active):
  custom:video-decoder-ogg-theora: a1e56fd34408186e4bbccfd4996cb3dc -> 
  custom:container-muxer-webm: aa71ff27fc2769a1b78a27578f13a17b -> 
  custom:container-demuxer-webm: 4f35f7cbe854078d1ac9338744f61a02 -> 
  custom:container-demuxer-ogg: 62fdf1f143b41e24485cea50d1cbac27 -> 
  custom:video-encoder-webm-vp8: eb34c28f22e8b96e1ab97ce403110664 -> 
  custom:video-decoder-webm-vp8: 9c59270c3fd7afecdb556c50c9e8de78 -> 
  custom:audio-decoder-ogg-vorbis: bf7c407c2cedff20999df2af8eb42d56 -> 
  custom:audio-encoder-webm-vorbis: bf7c407c2cedff20999df2af8eb42d56 -> 
========================================================================
Received Import Request.
  Time since last request: 141,321407 seconds.
  path: Assets/Meshtint Free Boximon Cyclopes Mega Toon Series/Boximon Animations/Boximon Main Rig.FBX
  artifactKey: Guid(ab49f3cef633f1d4c84f8c46ec6c0b74) Importer(815301076,1909f56bfc062723c751e8b465ee728b)
Start importing Assets/Meshtint Free Boximon Cyclopes Mega Toon Series/Boximon Animations/Boximon Main Rig.FBX using Guid(ab49f3cef633f1d4c84f8c46ec6c0b74) Importer(815301076,1909f56bfc062723c751e8b465ee728b)  -> (artifact id: '865074c5fcc6675e257676dad1aeaae5') in 0,151371 seconds 
  Import took 0,158532 seconds .

========================================================================
Received Import Request.
  Time since last request: 0,000420 seconds.
  path: Assets/Elven_assassin/Models/elf_1.2.fbx
  artifactKey: Guid(40e7efed185f03447801a73cf0ef2128) Importer(815301076,1909f56bfc062723c751e8b465ee728b)
Start importing Assets/Elven_assassin/Models/elf_1.2.fbx using Guid(40e7efed185f03447801a73cf0ef2128) Importer(815301076,1909f56bfc062723c751e8b465ee728b)  -> (artifact id: 'bac1f62af6ef6272b06d0970da067340') in 0,336199 seconds 
  Import took 0,341943 seconds .

========================================================================
Received Import Request.
  Time since last request: 0,000278 seconds.
  path: Assets/Elven_assassin/Models/platform.FBX
  artifactKey: Guid(63e57e712490c074ab3361cf4aa29b9f) Importer(815301076,1909f56bfc062723c751e8b465ee728b)
Start importing Assets/Elven_assassin/Models/platform.FBX using Guid(63e57e712490c074ab3361cf4aa29b9f) Importer(815301076,1909f56bfc062723c751e8b465ee728b)  -> (artifact id: '1f934362e1ec08565ed96eabfec5a9bf') in 0,030486 seconds 
  Import took 0,039830 seconds .

========================================================================
Received Prepare
Registering precompiled user dll's ...
Registered in 0,012352 seconds.
Begin MonoManager ReloadAssembly
Native extension for LinuxStandalone target not found
Native extension for WindowsStandalone target not found
Native extension for OSXStandalone target not found
Native extension for WebGL target not found
Refreshing native plugins compatible for Editor in 0,81 ms, found 0 plugins.
Preloading 0 native plugins for Editor in 0,00 ms.
Mono: successfully reloaded assembly
- Completed reload, in  2,118 seconds
Domain Reload Profiling:
	ReloadAssembly (2118ms)
		BeginReloadAssembly (203ms)
			ExecutionOrderSort (0ms)
			DisableScriptedObjects (11ms)
			BackupInstance (0ms)
			ReleaseScriptingObjects (0ms)
			CreateAndSetChildDomain (81ms)
		EndReloadAssembly (1755ms)
			LoadAssemblies (161ms)
			RebuildTransferFunctionScriptingTraits (0ms)
			SetupTypeCache (626ms)
			ReleaseScriptCaches (1ms)
			RebuildScriptCaches (92ms)
			SetupLoadedEditorAssemblies (631ms)
				LogAssemblyErrors (0ms)
				InitializePlatformSupportModulesInManaged (16ms)
				SetLoadedEditorAssemblies (1ms)
				RefreshPlugins (1ms)
				BeforeProcessingInitializeOnLoad (102ms)
				ProcessInitializeOnLoadAttributes (492ms)
				ProcessInitializeOnLoadMethodAttributes (8ms)
				AfterProcessingInitializeOnLoad (10ms)
				EditorAssembliesLoaded (1ms)
			ExecutionOrderSort2 (0ms)
			AwakeInstancesAfterBackupRestoration (18ms)
Platform modules already initialized, skipping
Refreshing native plugins compatible for Editor in 0,59 ms, found 0 plugins.
Preloading 0 native plugins for Editor in 0,00 ms.
Unloading 1400 Unused Serialized files (Serialized files now loaded: 0)
System memory in use before: 62,5 MB.
System memory in use after: 62,0 MB.

Unloading 14 unused Assets to reduce memory usage. Loaded Objects now: 1862.
Total: 10,733670 ms (FindLiveObjects: 0,280678 ms CreateObjectMapping: 0,101181 ms MarkObjects: 9,425248 ms  DeleteObjects: 0,923043 ms)

AssetImportParameters requested are different than current active one (requested -> active):
  custom:video-decoder-ogg-theora: a1e56fd34408186e4bbccfd4996cb3dc -> 
  custom:container-muxer-webm: aa71ff27fc2769a1b78a27578f13a17b -> 
  custom:container-demuxer-webm: 4f35f7cbe854078d1ac9338744f61a02 -> 
  custom:container-demuxer-ogg: 62fdf1f143b41e24485cea50d1cbac27 -> 
  custom:video-encoder-webm-vp8: eb34c28f22e8b96e1ab97ce403110664 -> 
  custom:video-decoder-webm-vp8: 9c59270c3fd7afecdb556c50c9e8de78 -> 
  custom:audio-decoder-ogg-vorbis: bf7c407c2cedff20999df2af8eb42d56 -> 
  custom:audio-encoder-webm-vorbis: bf7c407c2cedff20999df2af8eb42d56 -> 
========================================================================
Received Import Request.
  Time since last request: 306,397006 seconds.
  path: Assets/HuaYao/Demon/HuaYao/HuaYao.FBX
  artifactKey: Guid(fb4ee977e7d532a49ad9b14344240c98) Importer(815301076,1909f56bfc062723c751e8b465ee728b)
Start importing Assets/HuaYao/Demon/HuaYao/HuaYao.FBX using Guid(fb4ee977e7d532a49ad9b14344240c98) Importer(815301076,1909f56bfc062723c751e8b465ee728b)  -> (artifact id: '25b4ec90701dff6ee822320a0be1bc08') in 0,564202 seconds 
  Import took 0,571898 seconds .

========================================================================
Received Import Request.
  Time since last request: 0,000689 seconds.
  path: Assets/HuaYao/Demon/HuaYao/HuaYao_02.tga
  artifactKey: Guid(dcc4ad1ca67783842bb2442d604acb02) Importer(815301076,1909f56bfc062723c751e8b465ee728b)
Start importing Assets/HuaYao/Demon/HuaYao/HuaYao_02.tga using Guid(dcc4ad1ca67783842bb2442d604acb02) Importer(815301076,1909f56bfc062723c751e8b465ee728b)  -> (artifact id: '5e0062f58c14abcce17458f4b4c59ae5') in 0,082356 seconds 
  Import took 0,087826 seconds .

========================================================================
Received Import Request.
  Time since last request: 0,000329 seconds.
  path: Assets/HuaYao/Demon/HuaYao/HuaYao_01.tga
  artifactKey: Guid(e8c8b1f680644a9449bb036152d6a45d) Importer(815301076,1909f56bfc062723c751e8b465ee728b)
Start importing Assets/HuaYao/Demon/HuaYao/HuaYao_01.tga using Guid(e8c8b1f680644a9449bb036152d6a45d) Importer(815301076,1909f56bfc062723c751e8b465ee728b)  -> (artifact id: '292a349046a9c8633f2547596f65cbb4') in 0,018440 seconds 
  Import took 0,027431 seconds .

========================================================================
Received Import Request.
  Time since last request: 0,000320 seconds.
  path: Assets/HuaYao/Demon/HuaYao/HuaYao_03.tga
  artifactKey: Guid(2967ef7f0b09bb347a32a9a50750b11d) Importer(815301076,1909f56bfc062723c751e8b465ee728b)
Start importing Assets/HuaYao/Demon/HuaYao/HuaYao_03.tga using Guid(2967ef7f0b09bb347a32a9a50750b11d) Importer(815301076,1909f56bfc062723c751e8b465ee728b)  -> (artifact id: 'a6642fca1b4e163e7f63562ae6aec709') in 0,020831 seconds 
  Import took 0,034318 seconds .

========================================================================
Received Import Request.
  Time since last request: 0,000670 seconds.
  path: Assets/HuaYao/Demon/HuaYao/HuaYao_03.prefab
  artifactKey: Guid(2a2eaaaaf202acc4291e6f046a2c6f5d) Importer(815301076,1909f56bfc062723c751e8b465ee728b)
Start importing Assets/HuaYao/Demon/HuaYao/HuaYao_03.prefab using Guid(2a2eaaaaf202acc4291e6f046a2c6f5d) Importer(815301076,1909f56bfc062723c751e8b465ee728b)  -> (artifact id: 'e58d9710fbabf2f365b6e5c43a25ebe5') in 0,030891 seconds 
  Import took 0,041242 seconds .

========================================================================
Received Import Request.
  Time since last request: 0,000372 seconds.
  path: Assets/HuaYao/Demon/HuaYao/HuaYao_01.prefab
  artifactKey: Guid(cb2a63aa7e6bbda4b8127e31c18ef3e9) Importer(815301076,1909f56bfc062723c751e8b465ee728b)
Start importing Assets/HuaYao/Demon/HuaYao/HuaYao_01.prefab using Guid(cb2a63aa7e6bbda4b8127e31c18ef3e9) Importer(815301076,1909f56bfc062723c751e8b465ee728b)  -> (artifact id: 'd2ceddcccee9b583a2cc74d8f0e9741b') in 0,171259 seconds 
  Import took 0,177753 seconds .

========================================================================
Received Import Request.
  Time since last request: 0,000291 seconds.
  path: Assets/HuaYao/Demon/HuaYao/HuaYao_02.prefab
  artifactKey: Guid(c3b68bdc51549c94b901881e33c43c96) Importer(815301076,1909f56bfc062723c751e8b465ee728b)
Start importing Assets/HuaYao/Demon/HuaYao/HuaYao_02.prefab using Guid(c3b68bdc51549c94b901881e33c43c96) Importer(815301076,1909f56bfc062723c751e8b465ee728b)  -> (artifact id: 'fdbdba169f998d4daf467d8b0e93b4ed') in 0,021429 seconds 
  Import took 0,028784 seconds .

========================================================================
Received Import Request.
  Time since last request: 6,362558 seconds.
  path: Assets/HuaYao/Demon/HuaYao_Animation/HuaYao@Attack1.FBX
  artifactKey: Guid(2e6a794b99f7ebc4b83fe8b4ad59fad5) Importer(815301076,1909f56bfc062723c751e8b465ee728b)
Start importing Assets/HuaYao/Demon/HuaYao_Animation/HuaYao@Attack1.FBX using Guid(2e6a794b99f7ebc4b83fe8b4ad59fad5) Importer(815301076,1909f56bfc062723c751e8b465ee728b)  -> (artifact id: '5f18d5c931105f862d78c055a1fbe473') in 0,010837 seconds 
  Import took 0,017287 seconds .

========================================================================
Received Import Request.
  Time since last request: 0,000323 seconds.
  path: Assets/HuaYao/Demon/HuaYao_Animation/HuaYao@Walk.FBX
  artifactKey: Guid(f7644b25e8190c34d80c298fae576835) Importer(815301076,1909f56bfc062723c751e8b465ee728b)
Start importing Assets/HuaYao/Demon/HuaYao_Animation/HuaYao@Walk.FBX using Guid(f7644b25e8190c34d80c298fae576835) Importer(815301076,1909f56bfc062723c751e8b465ee728b)  -> (artifact id: '833bf6dbffbd93993f5b7efeef20892e') in 0,016314 seconds 
  Import took 0,024213 seconds .

========================================================================
Received Import Request.
  Time since last request: 0,000317 seconds.
  path: Assets/HuaYao/Demon/HuaYao_Animation/HuaYao@Attack3.FBX
  artifactKey: Guid(8c93064592c526c4299671c4202846dd) Importer(815301076,1909f56bfc062723c751e8b465ee728b)
Start importing Assets/HuaYao/Demon/HuaYao_Animation/HuaYao@Attack3.FBX using Guid(8c93064592c526c4299671c4202846dd) Importer(815301076,1909f56bfc062723c751e8b465ee728b)  -> (artifact id: 'ae5896a6587211a3f838de3f6279bd0b') in 0,015743 seconds 
  Import took 0,025157 seconds .

========================================================================
Received Import Request.
  Time since last request: 0,000386 seconds.
  path: Assets/HuaYao/Demon/HuaYao_Animation/HuaYao@Idle.FBX
  artifactKey: Guid(ee1260ce51284984daef2174f923b024) Importer(815301076,1909f56bfc062723c751e8b465ee728b)
Start importing Assets/HuaYao/Demon/HuaYao_Animation/HuaYao@Idle.FBX using Guid(ee1260ce51284984daef2174f923b024) Importer(815301076,1909f56bfc062723c751e8b465ee728b)  -> (artifact id: '7470dbaf0a6524bde99bbc0adb3190e5') in 0,015595 seconds 
  Import took 0,024943 seconds .

========================================================================
Received Import Request.
  Time since last request: 0,000374 seconds.
  path: Assets/HuaYao/Demon/HuaYao_Animation/HuaYao@Fight.FBX
  artifactKey: Guid(ca8b82d2ea5097645b6f835971237811) Importer(815301076,1909f56bfc062723c751e8b465ee728b)
Start importing Assets/HuaYao/Demon/HuaYao_Animation/HuaYao@Fight.FBX using Guid(ca8b82d2ea5097645b6f835971237811) Importer(815301076,1909f56bfc062723c751e8b465ee728b)  -> (artifact id: '34957952568c995a6ef1d0f590a438e8') in 0,013840 seconds 
  Import took 0,021239 seconds .

========================================================================
Received Import Request.
  Time since last request: 0,000328 seconds.
  path: Assets/HuaYao/Demon/HuaYao_Animation/HuaYao@Attack2.FBX
  artifactKey: Guid(bcac86237a3bdfd4196b3ace9e0afea5) Importer(815301076,1909f56bfc062723c751e8b465ee728b)
Start importing Assets/HuaYao/Demon/HuaYao_Animation/HuaYao@Attack2.FBX using Guid(bcac86237a3bdfd4196b3ace9e0afea5) Importer(815301076,1909f56bfc062723c751e8b465ee728b)  -> (artifact id: '87833df0ae2e057138dfa9f9f1e921e0') in 0,013767 seconds 
  Import took 0,020359 seconds .

========================================================================
Received Import Request.
  Time since last request: 0,000391 seconds.
  path: Assets/HuaYao/Demon/HuaYao_Animation/HuaYao@Run.FBX
  artifactKey: Guid(d3b0fd919cb7d524f87018d72b39a6fe) Importer(815301076,1909f56bfc062723c751e8b465ee728b)
Start importing Assets/HuaYao/Demon/HuaYao_Animation/HuaYao@Run.FBX using Guid(d3b0fd919cb7d524f87018d72b39a6fe) Importer(815301076,1909f56bfc062723c751e8b465ee728b)  -> (artifact id: '26639dc48c5f14b0114cde59a928ebef') in 0,015472 seconds 
  Import took 0,029252 seconds .

========================================================================
Received Import Request.
  Time since last request: 0,000361 seconds.
  path: Assets/HuaYao/Demon/HuaYao_Animation/HuaYao@Death.FBX
  artifactKey: Guid(bb79d1d84e8eb5c47936598a6161d0d9) Importer(815301076,1909f56bfc062723c751e8b465ee728b)
Start importing Assets/HuaYao/Demon/HuaYao_Animation/HuaYao@Death.FBX using Guid(bb79d1d84e8eb5c47936598a6161d0d9) Importer(815301076,1909f56bfc062723c751e8b465ee728b)  -> (artifact id: 'b7f0cc39a8a5934165df7a2aee49cf08') in 0,014267 seconds 
  Import took 0,024450 seconds .

========================================================================
Received Import Request.
  Time since last request: 0,001015 seconds.
  path: Assets/HuaYao/Demon/HuaYao_Animation/HuaYao@Wound.FBX
  artifactKey: Guid(d07964a1bd0b65d4ba50e8ad6284f520) Importer(815301076,1909f56bfc062723c751e8b465ee728b)
Start importing Assets/HuaYao/Demon/HuaYao_Animation/HuaYao@Wound.FBX using Guid(d07964a1bd0b65d4ba50e8ad6284f520) Importer(815301076,1909f56bfc062723c751e8b465ee728b)  -> (artifact id: 'a7a46b8c2c16539746b2a8fc56ad66a3') in 0,010850 seconds 
  Import took 0,017625 seconds .

========================================================================
Received Import Request.
  Time since last request: 3,990523 seconds.
  path: Assets/HuaYao/Demon/HuaYao/Materials/HuaYao_01.mat
  artifactKey: Guid(2e06ea306b36b4342b501640fa467220) Importer(815301076,1909f56bfc062723c751e8b465ee728b)
Start importing Assets/HuaYao/Demon/HuaYao/Materials/HuaYao_01.mat using Guid(2e06ea306b36b4342b501640fa467220) Importer(815301076,1909f56bfc062723c751e8b465ee728b)  -> (artifact id: '2b075604162c4889a010de1645913d2a') in 0,322945 seconds 
  Import took 0,328376 seconds .

========================================================================
Received Import Request.
  Time since last request: 0,000318 seconds.
  path: Assets/HuaYao/Demon/HuaYao/Materials/HuaYao_03.mat
  artifactKey: Guid(c30eeb33c454f234bb79739b431d5dd6) Importer(815301076,1909f56bfc062723c751e8b465ee728b)
Start importing Assets/HuaYao/Demon/HuaYao/Materials/HuaYao_03.mat using Guid(c30eeb33c454f234bb79739b431d5dd6) Importer(815301076,1909f56bfc062723c751e8b465ee728b)  -> (artifact id: '9b2a206e8e37202e15fdd9c75a6f0492') in 0,015760 seconds 
  Import took 0,021517 seconds .

========================================================================
Received Import Request.
  Time since last request: 0,000296 seconds.
  path: Assets/HuaYao/Demon/HuaYao/Materials/Standard_13.mat
  artifactKey: Guid(211a2e5fd1a88e74d82918808c385197) Importer(815301076,1909f56bfc062723c751e8b465ee728b)
Start importing Assets/HuaYao/Demon/HuaYao/Materials/Standard_13.mat using Guid(211a2e5fd1a88e74d82918808c385197) Importer(815301076,1909f56bfc062723c751e8b465ee728b)  -> (artifact id: '84bf2da3ba7a344bbf4696cf7c803ebc') in 0,033675 seconds 
  Import took 0,042541 seconds .

========================================================================
Received Import Request.
  Time since last request: 0,002872 seconds.
  path: Assets/HuaYao/Demon/HuaYao/Materials/HuaYao_02.mat
  artifactKey: Guid(db9c3dd5e104c7f4b836b1097eda5f1f) Importer(815301076,1909f56bfc062723c751e8b465ee728b)
Start importing Assets/HuaYao/Demon/HuaYao/Materials/HuaYao_02.mat using Guid(db9c3dd5e104c7f4b836b1097eda5f1f) Importer(815301076,1909f56bfc062723c751e8b465ee728b)  -> (artifact id: '6005d6235a6b3c449bed2caaffd22796') in 0,026109 seconds 
  Import took 0,033863 seconds .

========================================================================
Received Import Request.
  Time since last request: 40,861006 seconds.
  path: Assets/Meshtint Free Boximon Cyclopes Mega Toon Series/Boximon Animations/Boximon@Attack 01.FBX
  artifactKey: Guid(c256d06ac23fc304783b388694974f3e) Importer(815301076,1909f56bfc062723c751e8b465ee728b)
Start importing Assets/Meshtint Free Boximon Cyclopes Mega Toon Series/Boximon Animations/Boximon@Attack 01.FBX using Guid(c256d06ac23fc304783b388694974f3e) Importer(815301076,1909f56bfc062723c751e8b465ee728b)  -> (artifact id: 'cde2f347663c1ceb6edd71d5b8236e8c') in 0,042411 seconds 
  Import took 0,048133 seconds .

========================================================================
Received Import Request.
  Time since last request: 0,000349 seconds.
  path: Assets/Meshtint Free Boximon Cyclopes Mega Toon Series/Boximon Animations/Boximon@Attack 02.FBX
  artifactKey: Guid(f90822dc21243c143832aadcda799012) Importer(815301076,1909f56bfc062723c751e8b465ee728b)
Start importing Assets/Meshtint Free Boximon Cyclopes Mega Toon Series/Boximon Animations/Boximon@Attack 02.FBX using Guid(f90822dc21243c143832aadcda799012) Importer(815301076,1909f56bfc062723c751e8b465ee728b)  -> (artifact id: '9cd703e6d32ebb1845051dad529f56fc') in 0,040231 seconds 
  Import took 0,046327 seconds .

========================================================================
Received Import Request.
  Time since last request: 0,000348 seconds.
  path: Assets/Meshtint Free Boximon Cyclopes Mega Toon Series/Boximon Animations/Boximon@Die.FBX
  artifactKey: Guid(3014723763036b442b52f60b16e2aa31) Importer(815301076,1909f56bfc062723c751e8b465ee728b)
Start importing Assets/Meshtint Free Boximon Cyclopes Mega Toon Series/Boximon Animations/Boximon@Die.FBX using Guid(3014723763036b442b52f60b16e2aa31) Importer(815301076,1909f56bfc062723c751e8b465ee728b)  -> (artifact id: '7e0d6703fae181b6d469b36cd71819bd') in 0,035333 seconds 
  Import took 0,040485 seconds .

========================================================================
Received Import Request.
  Time since last request: 0,000356 seconds.
  path: Assets/Meshtint Free Boximon Cyclopes Mega Toon Series/Boximon Animations/Boximon@Idle.FBX
  artifactKey: Guid(4cad842dbf772894698e9a0bbaf5acef) Importer(815301076,1909f56bfc062723c751e8b465ee728b)
Start importing Assets/Meshtint Free Boximon Cyclopes Mega Toon Series/Boximon Animations/Boximon@Idle.FBX using Guid(4cad842dbf772894698e9a0bbaf5acef) Importer(815301076,1909f56bfc062723c751e8b465ee728b)  -> (artifact id: '8c1775ce407d28d97d3e0c27d8a04125') in 0,045155 seconds 
  Import took 0,055120 seconds .

========================================================================
Received Import Request.
  Time since last request: 0,000616 seconds.
  path: Assets/Meshtint Free Boximon Cyclopes Mega Toon Series/Boximon Animations/Boximon@Run In Place.FBX
  artifactKey: Guid(0a026a54761c6204b960b910343af0b3) Importer(815301076,1909f56bfc062723c751e8b465ee728b)
Start importing Assets/Meshtint Free Boximon Cyclopes Mega Toon Series/Boximon Animations/Boximon@Run In Place.FBX using Guid(0a026a54761c6204b960b910343af0b3) Importer(815301076,1909f56bfc062723c751e8b465ee728b)  -> (artifact id: '10ecda002bed810d757f1e9b0d441a94') in 0,056386 seconds 
  Import took 0,064877 seconds .

========================================================================
Received Import Request.
  Time since last request: 0,000266 seconds.
  path: Assets/Meshtint Free Boximon Cyclopes Mega Toon Series/Boximon Animations/Boximon@Walk W Root.FBX
  artifactKey: Guid(b016c47471710bb4896910cfd5674a8f) Importer(815301076,1909f56bfc062723c751e8b465ee728b)
Start importing Assets/Meshtint Free Boximon Cyclopes Mega Toon Series/Boximon Animations/Boximon@Walk W Root.FBX using Guid(b016c47471710bb4896910cfd5674a8f) Importer(815301076,1909f56bfc062723c751e8b465ee728b)  -> (artifact id: '98866db9fab7d90a60b061fc2446fd73') in 0,055915 seconds 
  Import took 0,061897 seconds .

========================================================================
Received Import Request.
  Time since last request: 0,000316 seconds.
  path: Assets/Meshtint Free Boximon Cyclopes Mega Toon Series/Boximon Animations/Boximon@Run W Root.FBX
  artifactKey: Guid(b061ae134f6f1184eafbd5a4797f1571) Importer(815301076,1909f56bfc062723c751e8b465ee728b)
Start importing Assets/Meshtint Free Boximon Cyclopes Mega Toon Series/Boximon Animations/Boximon@Run W Root.FBX using Guid(b061ae134f6f1184eafbd5a4797f1571) Importer(815301076,1909f56bfc062723c751e8b465ee728b)  -> (artifact id: 'cbf702d43faa1396d1905c58a71c2206') in 0,069923 seconds 
  Import took 0,076918 seconds .

========================================================================
Received Import Request.
  Time since last request: 0,000279 seconds.
  path: Assets/Meshtint Free Boximon Cyclopes Mega Toon Series/Boximon Animations/Boximon@Take Damage.FBX
  artifactKey: Guid(18abc2beedf0b4a499d3f8f43782198e) Importer(815301076,1909f56bfc062723c751e8b465ee728b)
Start importing Assets/Meshtint Free Boximon Cyclopes Mega Toon Series/Boximon Animations/Boximon@Take Damage.FBX using Guid(18abc2beedf0b4a499d3f8f43782198e) Importer(815301076,1909f56bfc062723c751e8b465ee728b)  -> (artifact id: '694852c666fa44313e9719f52298449d') in 0,062442 seconds 
  Import took 0,072194 seconds .

========================================================================
Received Import Request.
  Time since last request: 0,000579 seconds.
  path: Assets/Meshtint Free Boximon Cyclopes Mega Toon Series/Boximon Animations/Boximon@Jump W Root.FBX
  artifactKey: Guid(ff0e4d52b383a234ba466e17fa99c433) Importer(815301076,1909f56bfc062723c751e8b465ee728b)
Start importing Assets/Meshtint Free Boximon Cyclopes Mega Toon Series/Boximon Animations/Boximon@Jump W Root.FBX using Guid(ff0e4d52b383a234ba466e17fa99c433) Importer(815301076,1909f56bfc062723c751e8b465ee728b)  -> (artifact id: '305338fe493ca39477e9002a318e21b0') in 0,054910 seconds 
  Import took 0,063044 seconds .

========================================================================
Received Import Request.
  Time since last request: 0,000373 seconds.
  path: Assets/Meshtint Free Boximon Cyclopes Mega Toon Series/Boximon Animations/Boximon@Walk In Place.FBX
  artifactKey: Guid(29aefb5f354ef414099d5d72f4702cf7) Importer(815301076,1909f56bfc062723c751e8b465ee728b)
Start importing Assets/Meshtint Free Boximon Cyclopes Mega Toon Series/Boximon Animations/Boximon@Walk In Place.FBX using Guid(29aefb5f354ef414099d5d72f4702cf7) Importer(815301076,1909f56bfc062723c751e8b465ee728b)  -> (artifact id: '0e62dd223cca74389d59305bdb43cdff') in 0,062509 seconds 
  Import took 0,071093 seconds .

========================================================================
Received Prepare
Registering precompiled user dll's ...
Registered in 0,004440 seconds.
Begin MonoManager ReloadAssembly
Native extension for LinuxStandalone target not found
Native extension for WindowsStandalone target not found
Native extension for OSXStandalone target not found
Native extension for WebGL target not found
Refreshing native plugins compatible for Editor in 0,55 ms, found 0 plugins.
Preloading 0 native plugins for Editor in 0,00 ms.
Mono: successfully reloaded assembly
- Completed reload, in  2,322 seconds
Domain Reload Profiling:
	ReloadAssembly (2323ms)
		BeginReloadAssembly (193ms)
			ExecutionOrderSort (0ms)
			DisableScriptedObjects (10ms)
			BackupInstance (0ms)
			ReleaseScriptingObjects (0ms)
			CreateAndSetChildDomain (79ms)
		EndReloadAssembly (1967ms)
			LoadAssemblies (175ms)
			RebuildTransferFunctionScriptingTraits (0ms)
			SetupTypeCache (687ms)
			ReleaseScriptCaches (1ms)
			RebuildScriptCaches (104ms)
			SetupLoadedEditorAssemblies (713ms)
				LogAssemblyErrors (0ms)
				InitializePlatformSupportModulesInManaged (17ms)
				SetLoadedEditorAssemblies (1ms)
				RefreshPlugins (1ms)
				BeforeProcessingInitializeOnLoad (115ms)
				ProcessInitializeOnLoadAttributes (558ms)
				ProcessInitializeOnLoadMethodAttributes (8ms)
				AfterProcessingInitializeOnLoad (11ms)
				EditorAssembliesLoaded (1ms)
			ExecutionOrderSort2 (0ms)
			AwakeInstancesAfterBackupRestoration (17ms)
Platform modules already initialized, skipping
Refreshing native plugins compatible for Editor in 0,89 ms, found 0 plugins.
Preloading 0 native plugins for Editor in 0,00 ms.
Unloading 1399 Unused Serialized files (Serialized files now loaded: 0)
System memory in use before: 62,6 MB.
System memory in use after: 62,1 MB.

Unloading 13 unused Assets to reduce memory usage. Loaded Objects now: 1900.
Total: 12,344840 ms (FindLiveObjects: 0,357722 ms CreateObjectMapping: 0,135330 ms MarkObjects: 10,241170 ms  DeleteObjects: 1,605556 ms)

AssetImportParameters requested are different than current active one (requested -> active):
  custom:video-decoder-ogg-theora: a1e56fd34408186e4bbccfd4996cb3dc -> 
  custom:container-muxer-webm: aa71ff27fc2769a1b78a27578f13a17b -> 
  custom:container-demuxer-webm: 4f35f7cbe854078d1ac9338744f61a02 -> 
  custom:container-demuxer-ogg: 62fdf1f143b41e24485cea50d1cbac27 -> 
  custom:video-encoder-webm-vp8: eb34c28f22e8b96e1ab97ce403110664 -> 
  custom:video-decoder-webm-vp8: 9c59270c3fd7afecdb556c50c9e8de78 -> 
  custom:audio-decoder-ogg-vorbis: bf7c407c2cedff20999df2af8eb42d56 -> 
  custom:audio-encoder-webm-vorbis: bf7c407c2cedff20999df2af8eb42d56 -> 
========================================================================
Received Prepare
Registering precompiled user dll's ...
Registered in 0,008495 seconds.
Begin MonoManager ReloadAssembly
Native extension for LinuxStandalone target not found
Native extension for WindowsStandalone target not found
Native extension for OSXStandalone target not found
Native extension for WebGL target not found
Refreshing native plugins compatible for Editor in 0,55 ms, found 0 plugins.
Preloading 0 native plugins for Editor in 0,00 ms.
Mono: successfully reloaded assembly
- Completed reload, in  4,213 seconds
Domain Reload Profiling:
	ReloadAssembly (4215ms)
		BeginReloadAssembly (324ms)
			ExecutionOrderSort (0ms)
			DisableScriptedObjects (19ms)
			BackupInstance (0ms)
			ReleaseScriptingObjects (0ms)
			CreateAndSetChildDomain (137ms)
		EndReloadAssembly (3584ms)
			LoadAssemblies (1162ms)
			RebuildTransferFunctionScriptingTraits (0ms)
			SetupTypeCache (844ms)
			ReleaseScriptCaches (2ms)
			RebuildScriptCaches (111ms)
			SetupLoadedEditorAssemblies (1009ms)
				LogAssemblyErrors (0ms)
				InitializePlatformSupportModulesInManaged (24ms)
				SetLoadedEditorAssemblies (1ms)
				RefreshPlugins (1ms)
				BeforeProcessingInitializeOnLoad (225ms)
				ProcessInitializeOnLoadAttributes (730ms)
				ProcessInitializeOnLoadMethodAttributes (10ms)
				AfterProcessingInitializeOnLoad (16ms)
				EditorAssembliesLoaded (1ms)
			ExecutionOrderSort2 (0ms)
			AwakeInstancesAfterBackupRestoration (31ms)
Platform modules already initialized, skipping
Refreshing native plugins compatible for Editor in 0,97 ms, found 0 plugins.
Preloading 0 native plugins for Editor in 0,00 ms.
Unloading 1394 Unused Serialized files (Serialized files now loaded: 0)
System memory in use before: 61,6 MB.
System memory in use after: 61,7 MB.

Unloading 14 unused Assets to reduce memory usage. Loaded Objects now: 1899.
Total: 19,382795 ms (FindLiveObjects: 0,767109 ms CreateObjectMapping: 0,195572 ms MarkObjects: 18,144512 ms  DeleteObjects: 0,266030 ms)

AssetImportParameters requested are different than current active one (requested -> active):
  custom:video-decoder-ogg-theora: a1e56fd34408186e4bbccfd4996cb3dc -> 
  custom:container-muxer-webm: aa71ff27fc2769a1b78a27578f13a17b -> 
  custom:container-demuxer-webm: 4f35f7cbe854078d1ac9338744f61a02 -> 
  custom:container-demuxer-ogg: 62fdf1f143b41e24485cea50d1cbac27 -> 
  custom:video-encoder-webm-vp8: eb34c28f22e8b96e1ab97ce403110664 -> 
  custom:video-decoder-webm-vp8: 9c59270c3fd7afecdb556c50c9e8de78 -> 
  custom:audio-decoder-ogg-vorbis: bf7c407c2cedff20999df2af8eb42d56 -> 
  custom:audio-encoder-webm-vorbis: bf7c407c2cedff20999df2af8eb42d56 -> 
========================================================================
Received Import Request.
  Time since last request: 800,757541 seconds.
  path: Assets/AllStarCharacterLibrary/Models
  artifactKey: Guid(d75d2158046749344ada01de9d22d32b) Importer(815301076,1909f56bfc062723c751e8b465ee728b)
Start importing Assets/AllStarCharacterLibrary/Models using Guid(d75d2158046749344ada01de9d22d32b) Importer(815301076,1909f56bfc062723c751e8b465ee728b)  -> (artifact id: '8489c952c8b02b6eaa3ea2895b214ce7') in 0,019535 seconds 
  Import took 0,025145 seconds .

========================================================================
Received Import Request.
  Time since last request: 2,897705 seconds.
  path: Assets/AllStarCharacterLibrary/Models/Characters
  artifactKey: Guid(01942cbd44ecfb3449dc9919ef1f992d) Importer(815301076,1909f56bfc062723c751e8b465ee728b)
Start importing Assets/AllStarCharacterLibrary/Models/Characters using Guid(01942cbd44ecfb3449dc9919ef1f992d) Importer(815301076,1909f56bfc062723c751e8b465ee728b)  -> (artifact id: '3b5c1d54480cc7440ee3566d8d2fa4b5') in 0,016162 seconds 
  Import took 0,023960 seconds .

========================================================================
Received Import Request.
  Time since last request: 0,011693 seconds.
  path: Assets/AllStarCharacterLibrary/Models/Characters/A03.FBX
  artifactKey: Guid(69e6a6ea8e179f445bd248ba46f2a2e9) Importer(815301076,1909f56bfc062723c751e8b465ee728b)
Start importing Assets/AllStarCharacterLibrary/Models/Characters/A03.FBX using Guid(69e6a6ea8e179f445bd248ba46f2a2e9) Importer(815301076,1909f56bfc062723c751e8b465ee728b)  -> (artifact id: '2326a865d8377a9be9e272dacb7e5260') in 1,232137 seconds 
  Import took 1,237701 seconds .

========================================================================
Received Import Request.
  Time since last request: 0,000329 seconds.
  path: Assets/AllStarCharacterLibrary/Models/Characters/A03N.png
  artifactKey: Guid(7f065a8ce21f20d4f82746ad3e928710) Importer(815301076,1909f56bfc062723c751e8b465ee728b)
Start importing Assets/AllStarCharacterLibrary/Models/Characters/A03N.png using Guid(7f065a8ce21f20d4f82746ad3e928710) Importer(815301076,1909f56bfc062723c751e8b465ee728b)  -> (artifact id: 'b551874c4ebf124470511e9e9d479ca5') in 0,113100 seconds 
  Import took 0,117904 seconds .

========================================================================
Received Import Request.
  Time since last request: 0,000332 seconds.
  path: Assets/AllStarCharacterLibrary/Models/Characters/A03_LOD.tga
  artifactKey: Guid(5056471ee2f42fb46bf3e93b9724f7d5) Importer(815301076,1909f56bfc062723c751e8b465ee728b)
Start importing Assets/AllStarCharacterLibrary/Models/Characters/A03_LOD.tga using Guid(5056471ee2f42fb46bf3e93b9724f7d5) Importer(815301076,1909f56bfc062723c751e8b465ee728b)  -> (artifact id: 'b1367d93562ca9549d2900eb6429a531') in 0,033344 seconds 
  Import took 0,040048 seconds .

========================================================================
Received Import Request.
  Time since last request: 0,001691 seconds.
  path: Assets/AllStarCharacterLibrary/Models/Characters/A03.png
  artifactKey: Guid(6506a77c153f2da48aa24abb5a48159a) Importer(815301076,1909f56bfc062723c751e8b465ee728b)
Start importing Assets/AllStarCharacterLibrary/Models/Characters/A03.png using Guid(6506a77c153f2da48aa24abb5a48159a) Importer(815301076,1909f56bfc062723c751e8b465ee728b)  -> (artifact id: 'b6d42c32cd1b255759cff2adf93d33f0') in 0,014489 seconds 
  Import took 0,022443 seconds .

========================================================================
Received Import Request.
  Time since last request: 5,991723 seconds.
  path: Assets/AllStarCharacterLibrary/Models/Characters/Ninjas
  artifactKey: Guid(55188854203c617498cc9b001dad1647) Importer(815301076,1909f56bfc062723c751e8b465ee728b)
Start importing Assets/AllStarCharacterLibrary/Models/Characters/Ninjas using Guid(55188854203c617498cc9b001dad1647) Importer(815301076,1909f56bfc062723c751e8b465ee728b)  -> (artifact id: '686d744cb4a8dc18a3e1f28ead98e63d') in 0,001743 seconds 
  Import took 0,008048 seconds .

========================================================================
Received Import Request.
  Time since last request: 0,026511 seconds.
  path: Assets/AllStarCharacterLibrary/Models/Characters/Ninjas/Ninja.png
  artifactKey: Guid(96e820e38ddcef2449fc800152df5073) Importer(815301076,1909f56bfc062723c751e8b465ee728b)
Start importing Assets/AllStarCharacterLibrary/Models/Characters/Ninjas/Ninja.png using Guid(96e820e38ddcef2449fc800152df5073) Importer(815301076,1909f56bfc062723c751e8b465ee728b)  -> (artifact id: 'a812aa2f70e1537ebea2f4c73cac771f') in 0,043592 seconds 
  Import took 0,051249 seconds .

========================================================================
Received Import Request.
  Time since last request: 0,000273 seconds.
  path: Assets/AllStarCharacterLibrary/Models/Characters/Ninjas/SuperLowNinja.tga
  artifactKey: Guid(74c1485f5b19faa4ba175ac68095166d) Importer(815301076,1909f56bfc062723c751e8b465ee728b)
Start importing Assets/AllStarCharacterLibrary/Models/Characters/Ninjas/SuperLowNinja.tga using Guid(74c1485f5b19faa4ba175ac68095166d) Importer(815301076,1909f56bfc062723c751e8b465ee728b)  -> (artifact id: 'eac96c605831750e7762664724f8239e') in 0,019343 seconds 
  Import took 0,026452 seconds .

========================================================================
Received Import Request.
  Time since last request: 0,000386 seconds.
  path: Assets/AllStarCharacterLibrary/Models/Characters/Ninjas/Ninjas.FBX
  artifactKey: Guid(dcb1dc08d2cc24c408500eb8f881749f) Importer(815301076,1909f56bfc062723c751e8b465ee728b)
Start importing Assets/AllStarCharacterLibrary/Models/Characters/Ninjas/Ninjas.FBX using Guid(dcb1dc08d2cc24c408500eb8f881749f) Importer(815301076,1909f56bfc062723c751e8b465ee728b)  -> (artifact id: '78c886cef84c9cdf0a05f0e8adf438ce') in 0,152048 seconds 
  Import took 0,159264 seconds .

========================================================================
Received Import Request.
  Time since last request: 1,449378 seconds.
  path: Assets/AllStarCharacterLibrary/Models/Characters/Ninjas/Materials
  artifactKey: Guid(d67157baaed953844930a2f48ca6972e) Importer(815301076,1909f56bfc062723c751e8b465ee728b)
Start importing Assets/AllStarCharacterLibrary/Models/Characters/Ninjas/Materials using Guid(d67157baaed953844930a2f48ca6972e) Importer(815301076,1909f56bfc062723c751e8b465ee728b)  -> (artifact id: '16f5643050cc1074b3c068cc2287a58c') in 0,010050 seconds 
  Import took 0,017816 seconds .

========================================================================
Received Import Request.
  Time since last request: 0,747523 seconds.
  path: Assets/AllStarCharacterLibrary/Models/Characters/Ninjas/Materials/Ninja.mat
  artifactKey: Guid(f3da535697dfce1448434a9d9fc6dc2f) Importer(815301076,1909f56bfc062723c751e8b465ee728b)
Start importing Assets/AllStarCharacterLibrary/Models/Characters/Ninjas/Materials/Ninja.mat using Guid(f3da535697dfce1448434a9d9fc6dc2f) Importer(815301076,1909f56bfc062723c751e8b465ee728b)  -> (artifact id: '214afe1f826eede109eee49e7f1642c7') in 0,037370 seconds 
  Import took 0,058904 seconds .

========================================================================
Received Import Request.
  Time since last request: 0,000270 seconds.
  path: Assets/AllStarCharacterLibrary/Models/Characters/Ninjas/Materials/SuperLowNinja.mat
  artifactKey: Guid(fc1f01834b0add74386115e21ab5c42e) Importer(815301076,1909f56bfc062723c751e8b465ee728b)
Start importing Assets/AllStarCharacterLibrary/Models/Characters/Ninjas/Materials/SuperLowNinja.mat using Guid(fc1f01834b0add74386115e21ab5c42e) Importer(815301076,1909f56bfc062723c751e8b465ee728b)  -> (artifact id: 'e406bcbc730ade52aa90239dcfed14e5') in 0,046055 seconds 
  Import took 0,055358 seconds .

========================================================================
Received Import Request.
  Time since last request: 12,254461 seconds.
  path: Assets/AllStarCharacterLibrary/Scripts/Game.prefab
  artifactKey: Guid(6d10d9967007f8f44a24231524eb2dc7) Importer(815301076,1909f56bfc062723c751e8b465ee728b)
Start importing Assets/AllStarCharacterLibrary/Scripts/Game.prefab using Guid(6d10d9967007f8f44a24231524eb2dc7) Importer(815301076,1909f56bfc062723c751e8b465ee728b)  -> (artifact id: 'b28c94aa950be26aa550ff6432aae5c0') in 0,005920 seconds 
  Import took 0,010894 seconds .

========================================================================
Received Import Request.
  Time since last request: 0,000300 seconds.
  path: Assets/AllStarCharacterLibrary/Scripts/Zone00.prefab
  artifactKey: Guid(4f7a67c9cd6203d459812cdb49119f5f) Importer(815301076,1909f56bfc062723c751e8b465ee728b)
Start importing Assets/AllStarCharacterLibrary/Scripts/Zone00.prefab using Guid(4f7a67c9cd6203d459812cdb49119f5f) Importer(815301076,1909f56bfc062723c751e8b465ee728b)  -> (artifact id: 'df5d1f279aba83bfb1bc516746c52881') in 0,031357 seconds 
  Import took 0,037795 seconds .

========================================================================
Received Import Request.
  Time since last request: 7,618100 seconds.
  path: Assets/AllStarCharacterLibrary/Scenes/Fight.unity
  artifactKey: Guid(f4a1c241f3f54ec49940f1271320556a) Importer(815301076,1909f56bfc062723c751e8b465ee728b)
Start importing Assets/AllStarCharacterLibrary/Scenes/Fight.unity using Guid(f4a1c241f3f54ec49940f1271320556a) Importer(815301076,1909f56bfc062723c751e8b465ee728b)  -> (artifact id: '5961a9b30cde5ba6fd19ae1e05bf5ccd') in 0,002006 seconds 
  Import took 0,008215 seconds .

========================================================================
Received Import Request.
  Time since last request: 35,032781 seconds.
  path: Assets/Scenes/Francine.unity
  artifactKey: Guid(4e4358dd3d2a4dc56b6a571916e93771) Importer(815301076,1909f56bfc062723c751e8b465ee728b)
Start importing Assets/Scenes/Francine.unity using Guid(4e4358dd3d2a4dc56b6a571916e93771) Importer(815301076,1909f56bfc062723c751e8b465ee728b)  -> (artifact id: '667924a3dc29490f159385cdfb34f42b') in 0,003712 seconds 
  Import took 0,009454 seconds .

========================================================================
Received Prepare
Registering precompiled user dll's ...
Registered in 0,003961 seconds.
Begin MonoManager ReloadAssembly
Native extension for LinuxStandalone target not found
Native extension for WindowsStandalone target not found
Native extension for OSXStandalone target not found
Native extension for WebGL target not found
Refreshing native plugins compatible for Editor in 0,57 ms, found 0 plugins.
Preloading 0 native plugins for Editor in 0,00 ms.
Mono: successfully reloaded assembly
- Completed reload, in  2,235 seconds
Domain Reload Profiling:
	ReloadAssembly (2236ms)
		BeginReloadAssembly (248ms)
			ExecutionOrderSort (0ms)
			DisableScriptedObjects (15ms)
			BackupInstance (0ms)
			ReleaseScriptingObjects (0ms)
			CreateAndSetChildDomain (92ms)
		EndReloadAssembly (1850ms)
			LoadAssemblies (178ms)
			RebuildTransferFunctionScriptingTraits (0ms)
			SetupTypeCache (637ms)
			ReleaseScriptCaches (1ms)
			RebuildScriptCaches (93ms)
			SetupLoadedEditorAssemblies (692ms)
				LogAssemblyErrors (0ms)
				InitializePlatformSupportModulesInManaged (23ms)
				SetLoadedEditorAssemblies (1ms)
				RefreshPlugins (1ms)
				BeforeProcessingInitializeOnLoad (113ms)
				ProcessInitializeOnLoadAttributes (533ms)
				ProcessInitializeOnLoadMethodAttributes (8ms)
				AfterProcessingInitializeOnLoad (11ms)
				EditorAssembliesLoaded (1ms)
			ExecutionOrderSort2 (0ms)
			AwakeInstancesAfterBackupRestoration (22ms)
Platform modules already initialized, skipping
Refreshing native plugins compatible for Editor in 0,59 ms, found 0 plugins.
Preloading 0 native plugins for Editor in 0,00 ms.
Unloading 1394 Unused Serialized files (Serialized files now loaded: 0)
System memory in use before: 63,3 MB.
System memory in use after: 63,4 MB.

Unloading 12 unused Assets to reduce memory usage. Loaded Objects now: 1910.
Total: 9,524114 ms (FindLiveObjects: 0,246485 ms CreateObjectMapping: 0,096744 ms MarkObjects: 9,098776 ms  DeleteObjects: 0,079636 ms)

AssetImportParameters requested are different than current active one (requested -> active):
  custom:video-decoder-ogg-theora: a1e56fd34408186e4bbccfd4996cb3dc -> 
  custom:container-muxer-webm: aa71ff27fc2769a1b78a27578f13a17b -> 
  custom:container-demuxer-webm: 4f35f7cbe854078d1ac9338744f61a02 -> 
  custom:container-demuxer-ogg: 62fdf1f143b41e24485cea50d1cbac27 -> 
  custom:video-encoder-webm-vp8: eb34c28f22e8b96e1ab97ce403110664 -> 
  custom:video-decoder-webm-vp8: 9c59270c3fd7afecdb556c50c9e8de78 -> 
  custom:audio-decoder-ogg-vorbis: bf7c407c2cedff20999df2af8eb42d56 -> 
  custom:audio-encoder-webm-vorbis: bf7c407c2cedff20999df2af8eb42d56 -> 
========================================================================
Received Prepare
Registering precompiled user dll's ...
Registered in 0,004381 seconds.
Begin MonoManager ReloadAssembly
Native extension for LinuxStandalone target not found
Native extension for WindowsStandalone target not found
Native extension for OSXStandalone target not found
Native extension for WebGL target not found
Refreshing native plugins compatible for Editor in 0,51 ms, found 0 plugins.
Preloading 0 native plugins for Editor in 0,00 ms.
Mono: successfully reloaded assembly
- Completed reload, in  2,426 seconds
Domain Reload Profiling:
	ReloadAssembly (2427ms)
		BeginReloadAssembly (254ms)
			ExecutionOrderSort (0ms)
			DisableScriptedObjects (12ms)
			BackupInstance (0ms)
			ReleaseScriptingObjects (0ms)
			CreateAndSetChildDomain (83ms)
		EndReloadAssembly (1970ms)
			LoadAssemblies (267ms)
			RebuildTransferFunctionScriptingTraits (0ms)
			SetupTypeCache (650ms)
			ReleaseScriptCaches (1ms)
			RebuildScriptCaches (101ms)
			SetupLoadedEditorAssemblies (728ms)
				LogAssemblyErrors (0ms)
				InitializePlatformSupportModulesInManaged (15ms)
				SetLoadedEditorAssemblies (1ms)
				RefreshPlugins (1ms)
				BeforeProcessingInitializeOnLoad (114ms)
				ProcessInitializeOnLoadAttributes (577ms)
				ProcessInitializeOnLoadMethodAttributes (8ms)
				AfterProcessingInitializeOnLoad (11ms)
				EditorAssembliesLoaded (1ms)
			ExecutionOrderSort2 (0ms)
			AwakeInstancesAfterBackupRestoration (18ms)
Platform modules already initialized, skipping
Refreshing native plugins compatible for Editor in 0,64 ms, found 0 plugins.
Preloading 0 native plugins for Editor in 0,00 ms.
Unloading 1394 Unused Serialized files (Serialized files now loaded: 0)
System memory in use before: 63,3 MB.
System memory in use after: 63,4 MB.

Unloading 11 unused Assets to reduce memory usage. Loaded Objects now: 1912.
Total: 14,145234 ms (FindLiveObjects: 0,606454 ms CreateObjectMapping: 0,330911 ms MarkObjects: 13,095957 ms  DeleteObjects: 0,108342 ms)

AssetImportParameters requested are different than current active one (requested -> active):
  custom:video-decoder-ogg-theora: a1e56fd34408186e4bbccfd4996cb3dc -> 
  custom:container-muxer-webm: aa71ff27fc2769a1b78a27578f13a17b -> 
  custom:container-demuxer-webm: 4f35f7cbe854078d1ac9338744f61a02 -> 
  custom:container-demuxer-ogg: 62fdf1f143b41e24485cea50d1cbac27 -> 
  custom:video-encoder-webm-vp8: eb34c28f22e8b96e1ab97ce403110664 -> 
  custom:video-decoder-webm-vp8: 9c59270c3fd7afecdb556c50c9e8de78 -> 
  custom:audio-decoder-ogg-vorbis: bf7c407c2cedff20999df2af8eb42d56 -> 
  custom:audio-encoder-webm-vorbis: bf7c407c2cedff20999df2af8eb42d56 -> 
========================================================================
Received Prepare
Registering precompiled user dll's ...
Registered in 0,003989 seconds.
Begin MonoManager ReloadAssembly
Native extension for LinuxStandalone target not found
Native extension for WindowsStandalone target not found
Native extension for OSXStandalone target not found
Native extension for WebGL target not found
Refreshing native plugins compatible for Editor in 0,60 ms, found 0 plugins.
Preloading 0 native plugins for Editor in 0,00 ms.
Mono: successfully reloaded assembly
- Completed reload, in  2,101 seconds
Domain Reload Profiling:
	ReloadAssembly (2102ms)
		BeginReloadAssembly (199ms)
			ExecutionOrderSort (0ms)
			DisableScriptedObjects (13ms)
			BackupInstance (0ms)
			ReleaseScriptingObjects (0ms)
			CreateAndSetChildDomain (88ms)
		EndReloadAssembly (1758ms)
			LoadAssemblies (147ms)
			RebuildTransferFunctionScriptingTraits (0ms)
			SetupTypeCache (626ms)
			ReleaseScriptCaches (1ms)
			RebuildScriptCaches (91ms)
			SetupLoadedEditorAssemblies (646ms)
				LogAssemblyErrors (0ms)
				InitializePlatformSupportModulesInManaged (16ms)
				SetLoadedEditorAssemblies (1ms)
				RefreshPlugins (1ms)
				BeforeProcessingInitializeOnLoad (105ms)
				ProcessInitializeOnLoadAttributes (505ms)
				ProcessInitializeOnLoadMethodAttributes (8ms)
				AfterProcessingInitializeOnLoad (10ms)
				EditorAssembliesLoaded (0ms)
			ExecutionOrderSort2 (0ms)
			AwakeInstancesAfterBackupRestoration (17ms)
Platform modules already initialized, skipping
Refreshing native plugins compatible for Editor in 0,59 ms, found 0 plugins.
Preloading 0 native plugins for Editor in 0,00 ms.
Unloading 1394 Unused Serialized files (Serialized files now loaded: 0)
System memory in use before: 63,3 MB.
System memory in use after: 63,4 MB.

Unloading 11 unused Assets to reduce memory usage. Loaded Objects now: 1914.
Total: 10,539896 ms (FindLiveObjects: 0,392442 ms CreateObjectMapping: 0,188931 ms MarkObjects: 9,891996 ms  DeleteObjects: 0,063281 ms)

AssetImportParameters requested are different than current active one (requested -> active):
  custom:video-decoder-ogg-theora: a1e56fd34408186e4bbccfd4996cb3dc -> 
  custom:container-muxer-webm: aa71ff27fc2769a1b78a27578f13a17b -> 
  custom:container-demuxer-webm: 4f35f7cbe854078d1ac9338744f61a02 -> 
  custom:container-demuxer-ogg: 62fdf1f143b41e24485cea50d1cbac27 -> 
  custom:video-encoder-webm-vp8: eb34c28f22e8b96e1ab97ce403110664 -> 
  custom:video-decoder-webm-vp8: 9c59270c3fd7afecdb556c50c9e8de78 -> 
  custom:audio-decoder-ogg-vorbis: bf7c407c2cedff20999df2af8eb42d56 -> 
  custom:audio-encoder-webm-vorbis: bf7c407c2cedff20999df2af8eb42d56 -> 
AssetImportWorkerClient::OnTransportError - code=2 error=End of file
